
CH32V003F4P6_tank_sensor.elf:     file format elf32-littleriscv
CH32V003F4P6_tank_sensor.elf
architecture: riscv:rv32, flags 0x00000112:
EXEC_P, HAS_SYMS, D_PAGED
start address 0x00000000

Program Header:
    LOAD off    0x00001000 vaddr 0x00000000 paddr 0x00000000 align 2**12
         filesz 0x00001568 memsz 0x00001568 flags r-x
    LOAD off    0x00003000 vaddr 0x20000000 paddr 0x00001568 align 2**12
         filesz 0x00000030 memsz 0x0000003c flags rw-
    LOAD off    0x00003700 vaddr 0x20000700 paddr 0x20000700 align 2**12
         filesz 0x00000000 memsz 0x00000100 flags rw-

Sections:
Idx Name          Size      VMA       LMA       File off  Algn
  0 .init         000000a0  00000000  00000000  00001000  2**2
                  CONTENTS, ALLOC, LOAD, READONLY, CODE
  1 .highcodelalign 00000000  000000a0  000000a0  00003030  2**0
                  CONTENTS
  2 .highcode     00000000  20000000  20000000  00003030  2**0
                  CONTENTS
  3 .text         000014c8  000000a0  000000a0  000010a0  2**2
                  CONTENTS, ALLOC, LOAD, READONLY, CODE
  4 .fini         00000000  00001568  00001568  00003030  2**0
                  CONTENTS, ALLOC, LOAD, CODE
  5 .dalign       00000000  20000000  20000000  00003030  2**0
                  CONTENTS
  6 .dlalign      00000000  00001568  00001568  00003030  2**0
                  CONTENTS
  7 .data         00000030  20000000  00001568  00003000  2**2
                  CONTENTS, ALLOC, LOAD, DATA
  8 .bss          0000000c  20000030  00001598  00003030  2**2
                  ALLOC
  9 .stack        00000100  20000700  20000700  00003700  2**0
                  ALLOC
 10 .debug_info   000083be  00000000  00000000  00003030  2**0
                  CONTENTS, READONLY, DEBUGGING
 11 .debug_abbrev 000017b5  00000000  00000000  0000b3ee  2**0
                  CONTENTS, READONLY, DEBUGGING
 12 .debug_loc    0000357d  00000000  00000000  0000cba3  2**0
                  CONTENTS, READONLY, DEBUGGING
 13 .debug_aranges 000007b8  00000000  00000000  00010120  2**3
                  CONTENTS, READONLY, DEBUGGING
 14 .debug_ranges 000007d0  00000000  00000000  000108d8  2**3
                  CONTENTS, READONLY, DEBUGGING
 15 .debug_line   00008884  00000000  00000000  000110a8  2**0
                  CONTENTS, READONLY, DEBUGGING
 16 .debug_str    000024ea  00000000  00000000  0001992c  2**0
                  CONTENTS, READONLY, DEBUGGING
 17 .comment      00000033  00000000  00000000  0001be16  2**0
                  CONTENTS, READONLY
 18 .debug_frame  000010c4  00000000  00000000  0001be4c  2**2
                  CONTENTS, READONLY, DEBUGGING
SYMBOL TABLE:
00000000 l    d  .init	00000000 .init
000000a0 l    d  .highcodelalign	00000000 .highcodelalign
20000000 l    d  .highcode	00000000 .highcode
000000a0 l    d  .text	00000000 .text
00001568 l    d  .fini	00000000 .fini
20000000 l    d  .dalign	00000000 .dalign
00001568 l    d  .dlalign	00000000 .dlalign
20000000 l    d  .data	00000000 .data
20000030 l    d  .bss	00000000 .bss
20000700 l    d  .stack	00000000 .stack
00000000 l    d  .debug_info	00000000 .debug_info
00000000 l    d  .debug_abbrev	00000000 .debug_abbrev
00000000 l    d  .debug_loc	00000000 .debug_loc
00000000 l    d  .debug_aranges	00000000 .debug_aranges
00000000 l    d  .debug_ranges	00000000 .debug_ranges
00000000 l    d  .debug_line	00000000 .debug_line
00000000 l    d  .debug_str	00000000 .debug_str
00000000 l    d  .comment	00000000 .comment
00000000 l    d  .debug_frame	00000000 .debug_frame
00000000 l    df *ABS*	00000000 main.c
00000000 l    df *ABS*	00000000 nrf24_simple.c
000003de l     F .text	0000002e spi_xfer
0000040c l     F .text	00000024 nrf_write_reg
00000430 l     F .text	0000003a nrf_write_buf
00000000 l    df *ABS*	00000000 system_ch32v00x.c
00000000 l    df *ABS*	00000000 ch32v00x_gpio.c
00000000 l    df *ABS*	00000000 ch32v00x_misc.c
00000000 l    df *ABS*	00000000 ch32v00x_rcc.c
20000008 l     O .data	00000014 ADCPrescTable
2000001c l     O .data	00000010 APBAHBPrescTable
00000000 l    df *ABS*	00000000 ch32v00x_spi.c
00000000 l    df *ABS*	00000000 ch32v00x_tim.c
00000000 l    df *ABS*	00000000 ch32v00x_usart.c
00000000 l    df *ABS*	00000000 debug.c
20000038 l     O .bss	00000002 p_ms
2000003a l     O .bss	00000001 p_us
00000000 l    df *ABS*	00000000 wchprintf.c
00000eb2  w    F .text	00000004 printDouble
00000eb6  w    F .text	00000352 print
00001208  w    F .text	00000022 printf
20000830 g       .data	00000000 __global_pointer$
000006fc  w      .text	00000000 TIM1_CC_IRQHandler
000009c2 g     F .text	00000004 SPI_I2S_SendData
000006fc  w      .text	00000000 HardFault_Handler
00000da0  w    F .text	0000010e printInt
000006fc  w      .text	00000000 SysTick_Handler
00000832 g     F .text	00000066 NVIC_Init
000006fc  w      .text	00000000 PVD_IRQHandler
000009c6 g     F .text	00000004 SPI_I2S_ReceiveData
000006fc  w      .text	00000000 NMI_Handler
00000b5a g     F .text	0000000a USART_GetFlagStatus
20000030 g       .bss	00000000 _sbss
00000100 g       *ABS*	00000000 __stack_size
00000bd2 g     F .text	00000054 USART_Printf_Init
000000aa g     F .text	0000000a .hidden __riscv_restore_2
000002ba g     F .text	00000096 run_pairing
00000eae  w    F .text	00000004 printLongLongInt
00000a22 g     F .text	00000018 TIM_Cmd
0000122a g     F .text	0000004a puts
00001274 g     O .text	00000003 PAIRING_ADDR
20000004 g     O .data	00000004 SystemCoreClock
000000d4 g     F .text	0000002c .hidden __udivsi3
000000a0 g       .init	00000000 _einit
000005ec g     F .text	00000010 nrf24_power_up_tx
00000a64 g     F .text	0000000c TIM_ClearITPendingBit
0000093a g     F .text	0000001e RCC_APB2PeriphClockCmd
000007ae g     F .text	0000007c GPIO_Init
20000034 g     O .bss	00000004 NVIC_Priority_Group
000006fc  w      .text	00000000 SPI1_IRQHandler
00000b3c g     F .text	00000016 USART_Cmd
000000a0 g     F .text	0000000a .hidden __riscv_save_1
000000aa g     F .text	0000000a .hidden __riscv_restore_0
000006fc  w      .text	00000000 AWU_IRQHandler
000006fc  w      .text	00000000 EXTI7_0_IRQHandler
00000958 g     F .text	0000001e RCC_APB1PeriphClockCmd
20000700 g       .stack	00000000 _heap_end
000009ca g     F .text	0000000a SPI_I2S_GetFlagStatus
000006fc  w      .text	00000000 DMA1_Channel4_IRQHandler
000006fc  w      .text	00000000 ADC1_IRQHandler
2000003c g       .bss	00000000 _ebss
000006fc  w      .text	00000000 DMA1_Channel7_IRQHandler
00000b64 g     F .text	00000034 Delay_Init
0000046a g     F .text	00000158 nrf24_init
0000021a g     F .text	0000006e timer_init
0000082a g     F .text	00000004 GPIO_SetBits
00000100 g     F .text	00000008 .hidden __umodsi3
000006fc  w      .text	00000000 I2C1_EV_IRQHandler
00000a4c g     F .text	00000018 TIM_GetITStatus
00000898 g     F .text	000000a2 RCC_GetClocksFreq
000006fc  w      .text	00000000 DMA1_Channel6_IRQHandler
00000a70 g     F .text	000000cc USART_Init
20000030 g     O .bss	00000004 g_millis
000006fc  w      .text	00000000 RCC_IRQHandler
000006fc  w      .text	00000000 TIM1_TRG_COM_IRQHandler
000006fc  w      .text	00000000 DMA1_Channel1_IRQHandler
00000000 g       .init	00000000 _start
00000cba  w    F .text	000000e6 prints
00000a3a g     F .text	00000012 TIM_ITConfig
20000000 g       .highcode	00000000 _highcode_vma_start
000000b4 g     F .text	00000014 .hidden __mulsi3
000005fc g     F .text	00000082 nrf24_send
0000082e g     F .text	00000004 GPIO_ResetBits
20000000 g       .dalign	00000000 _data_vma
0000014a g     F .text	000000a8 memset
00000350 g     F .text	0000008e main
000006fc  w      .text	00000000 DMA1_Channel5_IRQHandler
000000cc g     F .text	00000058 .hidden __divsi3
00000b98 g     F .text	0000003a Delay_Ms
000009a8 g     F .text	0000001a SPI_Cmd
000000a0 g       .highcodelalign	00000000 _highcode_lma
0000067e g     F .text	00000042 SystemInit
00000c72  w    F .text	00000048 printchar
00000000 g       .init	00000000 _sinit
000006fc  w      .text	00000000 DMA1_Channel3_IRQHandler
000006fc  w      .text	00000000 TIM1_UP_IRQHandler
000006fc  w      .text	00000000 WWDG_IRQHandler
000005c2 g     F .text	0000002a nrf24_set_tx_addr
000001f2 g     F .text	00000028 TIM2_IRQHandler
20000800 g       .stack	00000000 _eusrstack
000000a0 g     F .text	0000000a .hidden __riscv_save_2
000006fc  w      .text	00000000 SW_Handler
000006fc  w      .text	00000000 TIM1_BRK_IRQHandler
00000b52 g     F .text	00000008 USART_SendData
00000c26 g     F .text	0000004c _write
20000030 g       .data	00000000 _edata
2000003c g       .bss	00000000 _end
20000000 g       .highcode	00000000 _highcode_vma_end
000009d4 g     F .text	0000004e TIM_TimeBaseInit
00001568 g       .dlalign	00000000 _data_lma
000006c0 g     F .text	0000003c SystemCoreClockUpdate
00000124 g     F .text	00000024 .hidden __modsi3
000006fc  w      .text	00000000 DMA1_Channel2_IRQHandler
000006fe  w      .text	00000000 handle_reset
000006fc  w      .text	00000000 FLASH_IRQHandler
000000a0 g     F .text	0000000a .hidden __riscv_save_0
000006fc  w      .text	00000000 USART1_IRQHandler
000006fc  w      .text	00000000 I2C1_ER_IRQHandler
00000976 g     F .text	00000032 SPI_Init
00000288 g     F .text	00000032 gpio_init
000000aa g     F .text	0000000a .hidden __riscv_restore_1
20000000 g     O .data	00000002 g_tank_id



Disassembly of section .init:

00000000 <_sinit>:
   0:	6fe0006f          	j	6fe <handle_reset>
   4:	0000                	unimp
   6:	0000                	unimp
   8:	06fc                	addi	a5,sp,844
   a:	0000                	unimp
   c:	06fc                	addi	a5,sp,844
	...
  2e:	0000                	unimp
  30:	06fc                	addi	a5,sp,844
  32:	0000                	unimp
  34:	0000                	unimp
  36:	0000                	unimp
  38:	06fc                	addi	a5,sp,844
  3a:	0000                	unimp
  3c:	0000                	unimp
  3e:	0000                	unimp
  40:	06fc                	addi	a5,sp,844
  42:	0000                	unimp
  44:	06fc                	addi	a5,sp,844
  46:	0000                	unimp
  48:	06fc                	addi	a5,sp,844
  4a:	0000                	unimp
  4c:	06fc                	addi	a5,sp,844
  4e:	0000                	unimp
  50:	06fc                	addi	a5,sp,844
  52:	0000                	unimp
  54:	06fc                	addi	a5,sp,844
  56:	0000                	unimp
  58:	06fc                	addi	a5,sp,844
  5a:	0000                	unimp
  5c:	06fc                	addi	a5,sp,844
  5e:	0000                	unimp
  60:	06fc                	addi	a5,sp,844
  62:	0000                	unimp
  64:	06fc                	addi	a5,sp,844
  66:	0000                	unimp
  68:	06fc                	addi	a5,sp,844
  6a:	0000                	unimp
  6c:	06fc                	addi	a5,sp,844
  6e:	0000                	unimp
  70:	06fc                	addi	a5,sp,844
  72:	0000                	unimp
  74:	06fc                	addi	a5,sp,844
  76:	0000                	unimp
  78:	06fc                	addi	a5,sp,844
  7a:	0000                	unimp
  7c:	06fc                	addi	a5,sp,844
  7e:	0000                	unimp
  80:	06fc                	addi	a5,sp,844
  82:	0000                	unimp
  84:	06fc                	addi	a5,sp,844
  86:	0000                	unimp
  88:	06fc                	addi	a5,sp,844
  8a:	0000                	unimp
  8c:	06fc                	addi	a5,sp,844
  8e:	0000                	unimp
  90:	06fc                	addi	a5,sp,844
  92:	0000                	unimp
  94:	06fc                	addi	a5,sp,844
  96:	0000                	unimp
  98:	01f2                	slli	gp,gp,0x1c
  9a:	0000                	unimp
  9c:	0000                	unimp
	...

Disassembly of section .text:

000000a0 <__riscv_save_0>:
      a0:	1151                	addi	sp,sp,-12
      a2:	c026                	sw	s1,0(sp)
      a4:	c222                	sw	s0,4(sp)
      a6:	c406                	sw	ra,8(sp)
      a8:	8282                	jr	t0

000000aa <__riscv_restore_0>:
      aa:	4482                	lw	s1,0(sp)
      ac:	4412                	lw	s0,4(sp)
      ae:	40a2                	lw	ra,8(sp)
      b0:	0131                	addi	sp,sp,12
      b2:	8082                	ret

000000b4 <__mulsi3>:
      b4:	862a                	mv	a2,a0
      b6:	4501                	li	a0,0
      b8:	0015f693          	andi	a3,a1,1
      bc:	c291                	beqz	a3,c0 <__mulsi3+0xc>
      be:	9532                	add	a0,a0,a2
      c0:	8185                	srli	a1,a1,0x1
      c2:	0606                	slli	a2,a2,0x1
      c4:	f9f5                	bnez	a1,b8 <__mulsi3+0x4>
      c6:	8082                	ret
      c8:	0000                	unimp
	...

000000cc <__divsi3>:
      cc:	02054e63          	bltz	a0,108 <__umodsi3+0x8>
      d0:	0405c363          	bltz	a1,116 <__umodsi3+0x16>

000000d4 <__udivsi3>:
      d4:	862e                	mv	a2,a1
      d6:	85aa                	mv	a1,a0
      d8:	557d                	li	a0,-1
      da:	c215                	beqz	a2,fe <__udivsi3+0x2a>
      dc:	4685                	li	a3,1
      de:	00b67863          	bgeu	a2,a1,ee <__udivsi3+0x1a>
      e2:	00c05663          	blez	a2,ee <__udivsi3+0x1a>
      e6:	0606                	slli	a2,a2,0x1
      e8:	0686                	slli	a3,a3,0x1
      ea:	feb66ce3          	bltu	a2,a1,e2 <__udivsi3+0xe>
      ee:	4501                	li	a0,0
      f0:	00c5e463          	bltu	a1,a2,f8 <__udivsi3+0x24>
      f4:	8d91                	sub	a1,a1,a2
      f6:	8d55                	or	a0,a0,a3
      f8:	8285                	srli	a3,a3,0x1
      fa:	8205                	srli	a2,a2,0x1
      fc:	faf5                	bnez	a3,f0 <__udivsi3+0x1c>
      fe:	8082                	ret

00000100 <__umodsi3>:
     100:	8286                	mv	t0,ra
     102:	3fc9                	jal	d4 <__udivsi3>
     104:	852e                	mv	a0,a1
     106:	8282                	jr	t0
     108:	40a00533          	neg	a0,a0
     10c:	0005d763          	bgez	a1,11a <__umodsi3+0x1a>
     110:	40b005b3          	neg	a1,a1
     114:	b7c1                	j	d4 <__udivsi3>
     116:	40b005b3          	neg	a1,a1
     11a:	8286                	mv	t0,ra
     11c:	3f65                	jal	d4 <__udivsi3>
     11e:	40a00533          	neg	a0,a0
     122:	8282                	jr	t0

00000124 <__modsi3>:
     124:	8286                	mv	t0,ra
     126:	0005c763          	bltz	a1,134 <__modsi3+0x10>
     12a:	00054963          	bltz	a0,13c <__modsi3+0x18>
     12e:	375d                	jal	d4 <__udivsi3>
     130:	852e                	mv	a0,a1
     132:	8282                	jr	t0
     134:	40b005b3          	neg	a1,a1
     138:	fe055be3          	bgez	a0,12e <__modsi3+0xa>
     13c:	40a00533          	neg	a0,a0
     140:	3f51                	jal	d4 <__udivsi3>
     142:	40b00533          	neg	a0,a1
     146:	8282                	jr	t0
	...

0000014a <memset>:
     14a:	433d                	li	t1,15
     14c:	872a                	mv	a4,a0
     14e:	02c37363          	bgeu	t1,a2,174 <memset+0x2a>
     152:	00f77793          	andi	a5,a4,15
     156:	efbd                	bnez	a5,1d4 <memset+0x8a>
     158:	e5ad                	bnez	a1,1c2 <memset+0x78>
     15a:	ff067693          	andi	a3,a2,-16
     15e:	8a3d                	andi	a2,a2,15
     160:	96ba                	add	a3,a3,a4
     162:	c30c                	sw	a1,0(a4)
     164:	c34c                	sw	a1,4(a4)
     166:	c70c                	sw	a1,8(a4)
     168:	c74c                	sw	a1,12(a4)
     16a:	0741                	addi	a4,a4,16
     16c:	fed76be3          	bltu	a4,a3,162 <memset+0x18>
     170:	e211                	bnez	a2,174 <memset+0x2a>
     172:	8082                	ret
     174:	40c306b3          	sub	a3,t1,a2
     178:	068a                	slli	a3,a3,0x2
     17a:	00000297          	auipc	t0,0x0
     17e:	9696                	add	a3,a3,t0
     180:	00a68067          	jr	10(a3)
     184:	00b70723          	sb	a1,14(a4)
     188:	00b706a3          	sb	a1,13(a4)
     18c:	00b70623          	sb	a1,12(a4)
     190:	00b705a3          	sb	a1,11(a4)
     194:	00b70523          	sb	a1,10(a4)
     198:	00b704a3          	sb	a1,9(a4)
     19c:	00b70423          	sb	a1,8(a4)
     1a0:	00b703a3          	sb	a1,7(a4)
     1a4:	00b70323          	sb	a1,6(a4)
     1a8:	00b702a3          	sb	a1,5(a4)
     1ac:	00b70223          	sb	a1,4(a4)
     1b0:	00b701a3          	sb	a1,3(a4)
     1b4:	00b70123          	sb	a1,2(a4)
     1b8:	00b700a3          	sb	a1,1(a4)
     1bc:	00b70023          	sb	a1,0(a4)
     1c0:	8082                	ret
     1c2:	0ff5f593          	andi	a1,a1,255
     1c6:	00859693          	slli	a3,a1,0x8
     1ca:	8dd5                	or	a1,a1,a3
     1cc:	01059693          	slli	a3,a1,0x10
     1d0:	8dd5                	or	a1,a1,a3
     1d2:	b761                	j	15a <memset+0x10>
     1d4:	00279693          	slli	a3,a5,0x2
     1d8:	00000297          	auipc	t0,0x0
     1dc:	9696                	add	a3,a3,t0
     1de:	8286                	mv	t0,ra
     1e0:	fa8680e7          	jalr	-88(a3)
     1e4:	8096                	mv	ra,t0
     1e6:	17c1                	addi	a5,a5,-16
     1e8:	8f1d                	sub	a4,a4,a5
     1ea:	963e                	add	a2,a2,a5
     1ec:	f8c374e3          	bgeu	t1,a2,174 <memset+0x2a>
     1f0:	b7a5                	j	158 <memset+0xe>

000001f2 <TIM2_IRQHandler>:
     1f2:	4585                	li	a1,1
     1f4:	40000537          	lui	a0,0x40000
     1f8:	055000ef          	jal	ra,a4c <TIM_GetITStatus>
     1fc:	cd09                	beqz	a0,216 <TIM2_IRQHandler+0x24>
     1fe:	200007b7          	lui	a5,0x20000
     202:	03078793          	addi	a5,a5,48 # 20000030 <_edata>
     206:	4398                	lw	a4,0(a5)
     208:	4585                	li	a1,1
     20a:	40000537          	lui	a0,0x40000
     20e:	0705                	addi	a4,a4,1
     210:	c398                	sw	a4,0(a5)
     212:	053000ef          	jal	ra,a64 <TIM_ClearITPendingBit>
     216:	30200073          	mret

0000021a <timer_init>:
     21a:	e87ff2ef          	jal	t0,a0 <__riscv_save_0>
     21e:	1131                	addi	sp,sp,-20
     220:	4585                	li	a1,1
     222:	4505                	li	a0,1
     224:	c402                	sw	zero,8(sp)
     226:	c602                	sw	zero,12(sp)
     228:	00011823          	sh	zero,16(sp)
     22c:	c002                	sw	zero,0(sp)
     22e:	c202                	sw	zero,4(sp)
     230:	728000ef          	jal	ra,958 <RCC_APB1PeriphClockCmd>
     234:	200007b7          	lui	a5,0x20000
     238:	0047a503          	lw	a0,4(a5) # 20000004 <SystemCoreClock>
     23c:	6589                	lui	a1,0x2
     23e:	71058593          	addi	a1,a1,1808 # 2710 <_data_lma+0x11a8>
     242:	3d49                	jal	d4 <__udivsi3>
     244:	157d                	addi	a0,a0,-1
     246:	47a5                	li	a5,9
     248:	8468                	sh	a0,8(sp)
     24a:	002c                	addi	a1,sp,8
     24c:	40000537          	lui	a0,0x40000
     250:	c63e                	sw	a5,12(sp)
     252:	00011523          	sh	zero,10(sp)
     256:	77e000ef          	jal	ra,9d4 <TIM_TimeBaseInit>
     25a:	4605                	li	a2,1
     25c:	4585                	li	a1,1
     25e:	40000537          	lui	a0,0x40000
     262:	7d8000ef          	jal	ra,a3a <TIM_ITConfig>
     266:	02600793          	li	a5,38
     26a:	807c                	sh	a5,0(sp)
     26c:	4785                	li	a5,1
     26e:	815c                	sb	a5,2(sp)
     270:	850a                	mv	a0,sp
     272:	4785                	li	a5,1
     274:	c23e                	sw	a5,4(sp)
     276:	5bc000ef          	jal	ra,832 <NVIC_Init>
     27a:	4585                	li	a1,1
     27c:	40000537          	lui	a0,0x40000
     280:	7a2000ef          	jal	ra,a22 <TIM_Cmd>
     284:	0151                	addi	sp,sp,20
     286:	b515                	j	aa <__riscv_restore_0>

00000288 <gpio_init>:
     288:	e19ff2ef          	jal	t0,a0 <__riscv_save_0>
     28c:	1151                	addi	sp,sp,-12
     28e:	4585                	li	a1,1
     290:	02400513          	li	a0,36
     294:	c002                	sw	zero,0(sp)
     296:	c202                	sw	zero,4(sp)
     298:	c402                	sw	zero,8(sp)
     29a:	6a0000ef          	jal	ra,93a <RCC_APB2PeriphClockCmd>
     29e:	04000793          	li	a5,64
     2a2:	40011537          	lui	a0,0x40011
     2a6:	807c                	sh	a5,0(sp)
     2a8:	858a                	mv	a1,sp
     2aa:	04800793          	li	a5,72
     2ae:	40050513          	addi	a0,a0,1024 # 40011400 <__global_pointer$+0x20010bd0>
     2b2:	c43e                	sw	a5,8(sp)
     2b4:	29ed                	jal	7ae <GPIO_Init>
     2b6:	0131                	addi	sp,sp,12
     2b8:	bbcd                	j	aa <__riscv_restore_0>

000002ba <run_pairing>:
     2ba:	de7ff2ef          	jal	t0,a0 <__riscv_save_0>
     2be:	1101                	addi	sp,sp,-32
     2c0:	4669                	li	a2,26
     2c2:	4581                	li	a1,0
     2c4:	00610513          	addi	a0,sp,6
     2c8:	3549                	jal	14a <memset>
     2ca:	200157b7          	lui	a5,0x20015
     2ce:	5aa78793          	addi	a5,a5,1450 # 200155aa <__global_pointer$+0x14d7a>
     2d2:	c03e                	sw	a5,0(sp)
     2d4:	200007b7          	lui	a5,0x20000
     2d8:	0007d783          	lhu	a5,0(a5) # 20000000 <_highcode_vma_end>
     2dc:	00001537          	lui	a0,0x1
     2e0:	34450513          	addi	a0,a0,836 # 1344 <PAIRING_ADDR+0xd0>
     2e4:	00879713          	slli	a4,a5,0x8
     2e8:	83a1                	srli	a5,a5,0x8
     2ea:	8fd9                	or	a5,a5,a4
     2ec:	827c                	sh	a5,4(sp)
     2ee:	73d000ef          	jal	ra,122a <puts>
     2f2:	2ced                	jal	5ec <nrf24_power_up_tx>
     2f4:	6505                	lui	a0,0x1
     2f6:	27450513          	addi	a0,a0,628 # 1274 <PAIRING_ADDR>
     2fa:	24e1                	jal	5c2 <nrf24_set_tx_addr>
     2fc:	4401                	li	s0,0
     2fe:	8522                	mv	a0,s0
     300:	45a9                	li	a1,10
     302:	350d                	jal	124 <__modsi3>
     304:	84aa                	mv	s1,a0
     306:	0405                	addi	s0,s0,1
     308:	e901                	bnez	a0,318 <run_pairing+0x5e>
     30a:	000017b7          	lui	a5,0x1
     30e:	85a2                	mv	a1,s0
     310:	38478513          	addi	a0,a5,900 # 1384 <PAIRING_ADDR+0x110>
     314:	6f5000ef          	jal	ra,1208 <printf>
     318:	02000593          	li	a1,32
     31c:	850a                	mv	a0,sp
     31e:	2cf9                	jal	5fc <nrf24_send>
     320:	c115                	beqz	a0,344 <run_pairing+0x8a>
     322:	e499                	bnez	s1,330 <run_pairing+0x76>
     324:	00001537          	lui	a0,0x1
     328:	39850513          	addi	a0,a0,920 # 1398 <PAIRING_ADDR+0x124>
     32c:	6ff000ef          	jal	ra,122a <puts>
     330:	03200513          	li	a0,50
     334:	065000ef          	jal	ra,b98 <Delay_Ms>
     338:	1f400793          	li	a5,500
     33c:	fcf411e3          	bne	s0,a5,2fe <run_pairing+0x44>
     340:	6105                	addi	sp,sp,32
     342:	b3a5                	j	aa <__riscv_restore_0>
     344:	f4f5                	bnez	s1,330 <run_pairing+0x76>
     346:	00001537          	lui	a0,0x1
     34a:	39c50513          	addi	a0,a0,924 # 139c <PAIRING_ADDR+0x128>
     34e:	bff9                	j	32c <run_pairing+0x72>

00000350 <main>:
     350:	d51ff2ef          	jal	t0,a0 <__riscv_save_0>
     354:	26b5                	jal	6c0 <SystemCoreClockUpdate>
     356:	00f000ef          	jal	ra,b64 <Delay_Init>
     35a:	6571                	lui	a0,0x1c
     35c:	20050513          	addi	a0,a0,512 # 1c200 <_data_lma+0x1ac98>
     360:	073000ef          	jal	ra,bd2 <USART_Printf_Init>
     364:	00001537          	lui	a0,0x1
     368:	27850513          	addi	a0,a0,632 # 1278 <PAIRING_ADDR+0x4>
     36c:	6bf000ef          	jal	ra,122a <puts>
     370:	200007b7          	lui	a5,0x20000
     374:	0047a583          	lw	a1,4(a5) # 20000004 <SystemCoreClock>
     378:	00001537          	lui	a0,0x1
     37c:	29850513          	addi	a0,a0,664 # 1298 <PAIRING_ADDR+0x24>
     380:	689000ef          	jal	ra,1208 <printf>
     384:	3d59                	jal	21a <timer_init>
     386:	3709                	jal	288 <gpio_init>
     388:	08800793          	li	a5,136
     38c:	3007a073          	csrs	mstatus,a5
     390:	00001537          	lui	a0,0x1
     394:	2b850513          	addi	a0,a0,696 # 12b8 <PAIRING_ADDR+0x44>
     398:	693000ef          	jal	ra,122a <puts>
     39c:	20f9                	jal	46a <nrf24_init>
     39e:	00001537          	lui	a0,0x1
     3a2:	2d850513          	addi	a0,a0,728 # 12d8 <PAIRING_ADDR+0x64>
     3a6:	663000ef          	jal	ra,1208 <printf>
     3aa:	20000437          	lui	s0,0x20000
     3ae:	03040413          	addi	s0,s0,48 # 20000030 <_edata>
     3b2:	3e800513          	li	a0,1000
     3b6:	4004                	lw	s1,0(s0)
     3b8:	7e0000ef          	jal	ra,b98 <Delay_Ms>
     3bc:	400c                	lw	a1,0(s0)
     3be:	00001537          	lui	a0,0x1
     3c2:	30450513          	addi	a0,a0,772 # 1304 <PAIRING_ADDR+0x90>
     3c6:	8d85                	sub	a1,a1,s1
     3c8:	641000ef          	jal	ra,1208 <printf>
     3cc:	35fd                	jal	2ba <run_pairing>
     3ce:	00001537          	lui	a0,0x1
     3d2:	32450513          	addi	a0,a0,804 # 1324 <PAIRING_ADDR+0xb0>
     3d6:	655000ef          	jal	ra,122a <puts>
     3da:	4501                	li	a0,0
     3dc:	b1f9                	j	aa <__riscv_restore_0>

000003de <spi_xfer>:
     3de:	cc3ff2ef          	jal	t0,a0 <__riscv_save_0>
     3e2:	842a                	mv	s0,a0
     3e4:	4589                	li	a1,2
     3e6:	40013537          	lui	a0,0x40013
     3ea:	23c5                	jal	9ca <SPI_I2S_GetFlagStatus>
     3ec:	dd65                	beqz	a0,3e4 <spi_xfer+0x6>
     3ee:	85a2                	mv	a1,s0
     3f0:	40013537          	lui	a0,0x40013
     3f4:	23f9                	jal	9c2 <SPI_I2S_SendData>
     3f6:	4585                	li	a1,1
     3f8:	40013537          	lui	a0,0x40013
     3fc:	23f9                	jal	9ca <SPI_I2S_GetFlagStatus>
     3fe:	dd65                	beqz	a0,3f6 <spi_xfer+0x18>
     400:	40013537          	lui	a0,0x40013
     404:	23c9                	jal	9c6 <SPI_I2S_ReceiveData>
     406:	0ff57513          	andi	a0,a0,255
     40a:	b145                	j	aa <__riscv_restore_0>

0000040c <nrf_write_reg>:
     40c:	c95ff2ef          	jal	t0,a0 <__riscv_save_0>
     410:	842e                	mv	s0,a1
     412:	84aa                	mv	s1,a0
     414:	45a1                	li	a1,8
     416:	40011537          	lui	a0,0x40011
     41a:	2911                	jal	82e <GPIO_ResetBits>
     41c:	0204e513          	ori	a0,s1,32
     420:	3f7d                	jal	3de <spi_xfer>
     422:	8522                	mv	a0,s0
     424:	3f6d                	jal	3de <spi_xfer>
     426:	45a1                	li	a1,8
     428:	40011537          	lui	a0,0x40011
     42c:	2efd                	jal	82a <GPIO_SetBits>
     42e:	b9b5                	j	aa <__riscv_restore_0>

00000430 <nrf_write_buf>:
     430:	c71ff2ef          	jal	t0,a0 <__riscv_save_0>
     434:	1171                	addi	sp,sp,-4
     436:	84aa                	mv	s1,a0
     438:	842e                	mv	s0,a1
     43a:	40011537          	lui	a0,0x40011
     43e:	45a1                	li	a1,8
     440:	c032                	sw	a2,0(sp)
     442:	26f5                	jal	82e <GPIO_ResetBits>
     444:	0204e513          	ori	a0,s1,32
     448:	3f59                	jal	3de <spi_xfer>
     44a:	4602                	lw	a2,0(sp)
     44c:	00c404b3          	add	s1,s0,a2
     450:	00941863          	bne	s0,s1,460 <nrf_write_buf+0x30>
     454:	45a1                	li	a1,8
     456:	40011537          	lui	a0,0x40011
     45a:	2ec1                	jal	82a <GPIO_SetBits>
     45c:	0111                	addi	sp,sp,4
     45e:	b1b1                	j	aa <__riscv_restore_0>
     460:	0405                	addi	s0,s0,1
     462:	fff44503          	lbu	a0,-1(s0)
     466:	3fa5                	jal	3de <spi_xfer>
     468:	b7e5                	j	450 <nrf_write_buf+0x20>

0000046a <nrf24_init>:
     46a:	c37ff2ef          	jal	t0,a0 <__riscv_save_0>
     46e:	6505                	lui	a0,0x1
     470:	1101                	addi	sp,sp,-32
     472:	4585                	li	a1,1
     474:	03050513          	addi	a0,a0,48 # 1030 <print+0x17a>
     478:	c002                	sw	zero,0(sp)
     47a:	c202                	sw	zero,4(sp)
     47c:	c402                	sw	zero,8(sp)
     47e:	c602                	sw	zero,12(sp)
     480:	c802                	sw	zero,16(sp)
     482:	ca02                	sw	zero,20(sp)
     484:	cc02                	sw	zero,24(sp)
     486:	00011e23          	sh	zero,28(sp)
     48a:	2945                	jal	93a <RCC_APB2PeriphClockCmd>
     48c:	06000793          	li	a5,96
     490:	807c                	sh	a5,0(sp)
     492:	44e1                	li	s1,24
     494:	478d                	li	a5,3
     496:	858a                	mv	a1,sp
     498:	40011537          	lui	a0,0x40011
     49c:	c426                	sw	s1,8(sp)
     49e:	c23e                	sw	a5,4(sp)
     4a0:	2639                	jal	7ae <GPIO_Init>
     4a2:	08000793          	li	a5,128
     4a6:	807c                	sh	a5,0(sp)
     4a8:	858a                	mv	a1,sp
     4aa:	4791                	li	a5,4
     4ac:	40011537          	lui	a0,0x40011
     4b0:	c43e                	sw	a5,8(sp)
     4b2:	2cf5                	jal	7ae <GPIO_Init>
     4b4:	47a1                	li	a5,8
     4b6:	4441                	li	s0,16
     4b8:	858a                	mv	a1,sp
     4ba:	40011537          	lui	a0,0x40011
     4be:	807c                	sh	a5,0(sp)
     4c0:	c422                	sw	s0,8(sp)
     4c2:	24f5                	jal	7ae <GPIO_Init>
     4c4:	45a1                	li	a1,8
     4c6:	40011537          	lui	a0,0x40011
     4ca:	2685                	jal	82a <GPIO_SetBits>
     4cc:	8060                	sh	s0,0(sp)
     4ce:	c422                	sw	s0,8(sp)
     4d0:	40011437          	lui	s0,0x40011
     4d4:	858a                	mv	a1,sp
     4d6:	40040513          	addi	a0,s0,1024 # 40011400 <__global_pointer$+0x20010bd0>
     4da:	2cd1                	jal	7ae <GPIO_Init>
     4dc:	40040513          	addi	a0,s0,1024
     4e0:	45c1                	li	a1,16
     4e2:	26b1                	jal	82e <GPIO_ResetBits>
     4e4:	010407b7          	lui	a5,0x1040
     4e8:	c63e                	sw	a5,12(sp)
     4ea:	020007b7          	lui	a5,0x2000
     4ee:	ca3e                	sw	a5,20(sp)
     4f0:	006c                	addi	a1,sp,12
     4f2:	479d                	li	a5,7
     4f4:	40013537          	lui	a0,0x40013
     4f8:	86fc                	sh	a5,28(sp)
     4fa:	cc26                	sw	s1,24(sp)
     4fc:	c802                	sw	zero,16(sp)
     4fe:	29a5                	jal	976 <SPI_Init>
     500:	4585                	li	a1,1
     502:	40013537          	lui	a0,0x40013
     506:	214d                	jal	9a8 <SPI_Cmd>
     508:	00001537          	lui	a0,0x1
     50c:	3a850513          	addi	a0,a0,936 # 13a8 <PAIRING_ADDR+0x134>
     510:	51b000ef          	jal	ra,122a <puts>
     514:	09600513          	li	a0,150
     518:	2541                	jal	b98 <Delay_Ms>
     51a:	00001537          	lui	a0,0x1
     51e:	3e450513          	addi	a0,a0,996 # 13e4 <PAIRING_ADDR+0x170>
     522:	509000ef          	jal	ra,122a <puts>
     526:	4589                	li	a1,2
     528:	4501                	li	a0,0
     52a:	35cd                	jal	40c <nrf_write_reg>
     52c:	00001537          	lui	a0,0x1
     530:	40850513          	addi	a0,a0,1032 # 1408 <PAIRING_ADDR+0x194>
     534:	4f7000ef          	jal	ra,122a <puts>
     538:	4581                	li	a1,0
     53a:	4505                	li	a0,1
     53c:	3dc1                	jal	40c <nrf_write_reg>
     53e:	00001537          	lui	a0,0x1
     542:	42c50513          	addi	a0,a0,1068 # 142c <PAIRING_ADDR+0x1b8>
     546:	4e5000ef          	jal	ra,122a <puts>
     54a:	4585                	li	a1,1
     54c:	450d                	li	a0,3
     54e:	3d7d                	jal	40c <nrf_write_reg>
     550:	00001537          	lui	a0,0x1
     554:	45050513          	addi	a0,a0,1104 # 1450 <PAIRING_ADDR+0x1dc>
     558:	4d3000ef          	jal	ra,122a <puts>
     55c:	4581                	li	a1,0
     55e:	4511                	li	a0,4
     560:	3575                	jal	40c <nrf_write_reg>
     562:	00001537          	lui	a0,0x1
     566:	47450513          	addi	a0,a0,1140 # 1474 <PAIRING_ADDR+0x200>
     56a:	4c1000ef          	jal	ra,122a <puts>
     56e:	06300593          	li	a1,99
     572:	4515                	li	a0,5
     574:	3d61                	jal	40c <nrf_write_reg>
     576:	00001537          	lui	a0,0x1
     57a:	49850513          	addi	a0,a0,1176 # 1498 <PAIRING_ADDR+0x224>
     57e:	4ad000ef          	jal	ra,122a <puts>
     582:	02600593          	li	a1,38
     586:	4519                	li	a0,6
     588:	3551                	jal	40c <nrf_write_reg>
     58a:	00001537          	lui	a0,0x1
     58e:	4bc50513          	addi	a0,a0,1212 # 14bc <PAIRING_ADDR+0x248>
     592:	499000ef          	jal	ra,122a <puts>
     596:	02000593          	li	a1,32
     59a:	4545                	li	a0,17
     59c:	3d85                	jal	40c <nrf_write_reg>
     59e:	00001537          	lui	a0,0x1
     5a2:	4e050513          	addi	a0,a0,1248 # 14e0 <PAIRING_ADDR+0x26c>
     5a6:	485000ef          	jal	ra,122a <puts>
     5aa:	07000593          	li	a1,112
     5ae:	451d                	li	a0,7
     5b0:	3db1                	jal	40c <nrf_write_reg>
     5b2:	00001537          	lui	a0,0x1
     5b6:	50450513          	addi	a0,a0,1284 # 1504 <PAIRING_ADDR+0x290>
     5ba:	471000ef          	jal	ra,122a <puts>
     5be:	6105                	addi	sp,sp,32
     5c0:	b4ed                	j	aa <__riscv_restore_0>

000005c2 <nrf24_set_tx_addr>:
     5c2:	adfff2ef          	jal	t0,a0 <__riscv_save_0>
     5c6:	2134                	lbu	a3,2(a0)
     5c8:	3110                	lbu	a2,1(a0)
     5ca:	210c                	lbu	a1,0(a0)
     5cc:	842a                	mv	s0,a0
     5ce:	00001537          	lui	a0,0x1
     5d2:	52850513          	addi	a0,a0,1320 # 1528 <PAIRING_ADDR+0x2b4>
     5d6:	433000ef          	jal	ra,1208 <printf>
     5da:	85a2                	mv	a1,s0
     5dc:	460d                	li	a2,3
     5de:	4541                	li	a0,16
     5e0:	3d81                	jal	430 <nrf_write_buf>
     5e2:	460d                	li	a2,3
     5e4:	85a2                	mv	a1,s0
     5e6:	4529                	li	a0,10
     5e8:	35a1                	jal	430 <nrf_write_buf>
     5ea:	b4c1                	j	aa <__riscv_restore_0>

000005ec <nrf24_power_up_tx>:
     5ec:	ab5ff2ef          	jal	t0,a0 <__riscv_save_0>
     5f0:	4589                	li	a1,2
     5f2:	4501                	li	a0,0
     5f4:	3d21                	jal	40c <nrf_write_reg>
     5f6:	4515                	li	a0,5
     5f8:	2345                	jal	b98 <Delay_Ms>
     5fa:	bc45                	j	aa <__riscv_restore_0>

000005fc <nrf24_send>:
     5fc:	aa5ff2ef          	jal	t0,a0 <__riscv_save_0>
     600:	1171                	addi	sp,sp,-4
     602:	842a                	mv	s0,a0
     604:	84ae                	mv	s1,a1
     606:	40011537          	lui	a0,0x40011
     60a:	45a1                	li	a1,8
     60c:	240d                	jal	82e <GPIO_ResetBits>
     60e:	0e100513          	li	a0,225
     612:	33f1                	jal	3de <spi_xfer>
     614:	45a1                	li	a1,8
     616:	40011537          	lui	a0,0x40011
     61a:	2c01                	jal	82a <GPIO_SetBits>
     61c:	45a1                	li	a1,8
     61e:	40011537          	lui	a0,0x40011
     622:	2431                	jal	82e <GPIO_ResetBits>
     624:	0a000513          	li	a0,160
     628:	3b5d                	jal	3de <spi_xfer>
     62a:	4781                	li	a5,0
     62c:	0ff7f713          	andi	a4,a5,255
     630:	4501                	li	a0,0
     632:	00977563          	bgeu	a4,s1,63c <nrf24_send+0x40>
     636:	00f40733          	add	a4,s0,a5
     63a:	2308                	lbu	a0,0(a4)
     63c:	c03e                	sw	a5,0(sp)
     63e:	3345                	jal	3de <spi_xfer>
     640:	4782                	lw	a5,0(sp)
     642:	02000713          	li	a4,32
     646:	0785                	addi	a5,a5,1
     648:	fee792e3          	bne	a5,a4,62c <nrf24_send+0x30>
     64c:	45a1                	li	a1,8
     64e:	40011537          	lui	a0,0x40011
     652:	2ae1                	jal	82a <GPIO_SetBits>
     654:	40011437          	lui	s0,0x40011
     658:	45c1                	li	a1,16
     65a:	40040513          	addi	a0,s0,1024 # 40011400 <__global_pointer$+0x20010bd0>
     65e:	22f1                	jal	82a <GPIO_SetBits>
     660:	4505                	li	a0,1
     662:	2b1d                	jal	b98 <Delay_Ms>
     664:	45c1                	li	a1,16
     666:	40040513          	addi	a0,s0,1024
     66a:	22d1                	jal	82e <GPIO_ResetBits>
     66c:	4509                	li	a0,2
     66e:	232d                	jal	b98 <Delay_Ms>
     670:	03000593          	li	a1,48
     674:	451d                	li	a0,7
     676:	3b59                	jal	40c <nrf_write_reg>
     678:	4505                	li	a0,1
     67a:	0111                	addi	sp,sp,4
     67c:	b43d                	j	aa <__riscv_restore_0>

0000067e <SystemInit>:
     67e:	400217b7          	lui	a5,0x40021
     682:	4398                	lw	a4,0(a5)
     684:	f8ff06b7          	lui	a3,0xf8ff0
     688:	00176713          	ori	a4,a4,1
     68c:	c398                	sw	a4,0(a5)
     68e:	43d8                	lw	a4,4(a5)
     690:	8f75                	and	a4,a4,a3
     692:	c3d8                	sw	a4,4(a5)
     694:	4398                	lw	a4,0(a5)
     696:	fef706b7          	lui	a3,0xfef70
     69a:	16fd                	addi	a3,a3,-1
     69c:	8f75                	and	a4,a4,a3
     69e:	c398                	sw	a4,0(a5)
     6a0:	4398                	lw	a4,0(a5)
     6a2:	fffc06b7          	lui	a3,0xfffc0
     6a6:	16fd                	addi	a3,a3,-1
     6a8:	8f75                	and	a4,a4,a3
     6aa:	c398                	sw	a4,0(a5)
     6ac:	43d8                	lw	a4,4(a5)
     6ae:	ff4006b7          	lui	a3,0xff400
     6b2:	16fd                	addi	a3,a3,-1
     6b4:	8f75                	and	a4,a4,a3
     6b6:	c3d8                	sw	a4,4(a5)
     6b8:	009f0737          	lui	a4,0x9f0
     6bc:	c798                	sw	a4,8(a5)
     6be:	8082                	ret

000006c0 <SystemCoreClockUpdate>:
     6c0:	400216b7          	lui	a3,0x40021
     6c4:	42d8                	lw	a4,4(a3)
     6c6:	200007b7          	lui	a5,0x20000
     6ca:	4611                	li	a2,4
     6cc:	8b31                	andi	a4,a4,12
     6ce:	00478793          	addi	a5,a5,4 # 20000004 <SystemCoreClock>
     6d2:	00c70563          	beq	a4,a2,6dc <SystemCoreClockUpdate+0x1c>
     6d6:	4621                	li	a2,8
     6d8:	00c70863          	beq	a4,a2,6e8 <SystemCoreClockUpdate+0x28>
     6dc:	016e3737          	lui	a4,0x16e3
     6e0:	60070713          	addi	a4,a4,1536 # 16e3600 <_data_lma+0x16e2098>
     6e4:	c398                	sw	a4,0(a5)
     6e6:	8082                	ret
     6e8:	42d8                	lw	a4,4(a3)
     6ea:	00f71693          	slli	a3,a4,0xf
     6ee:	fe06d7e3          	bgez	a3,6dc <SystemCoreClockUpdate+0x1c>
     6f2:	02dc7737          	lui	a4,0x2dc7
     6f6:	c0070713          	addi	a4,a4,-1024 # 2dc6c00 <_data_lma+0x2dc5698>
     6fa:	b7ed                	j	6e4 <SystemCoreClockUpdate+0x24>

000006fc <ADC1_IRQHandler>:
     6fc:	a001                	j	6fc <ADC1_IRQHandler>

000006fe <handle_reset>:
     6fe:	20000197          	auipc	gp,0x20000
     702:	13218193          	addi	gp,gp,306 # 20000830 <__global_pointer$>
     706:	fd018113          	addi	sp,gp,-48 # 20000800 <_eusrstack>
     70a:	0a000513          	li	a0,160
     70e:	20000597          	auipc	a1,0x20000
     712:	8f258593          	addi	a1,a1,-1806 # 20000000 <_highcode_vma_end>
     716:	20000617          	auipc	a2,0x20000
     71a:	8ea60613          	addi	a2,a2,-1814 # 20000000 <_highcode_vma_end>
     71e:	00c5fa63          	bgeu	a1,a2,732 <handle_reset+0x34>
     722:	00052283          	lw	t0,0(a0) # 40011000 <__global_pointer$+0x200107d0>
     726:	0055a023          	sw	t0,0(a1)
     72a:	0511                	addi	a0,a0,4
     72c:	0591                	addi	a1,a1,4
     72e:	fec5eae3          	bltu	a1,a2,722 <handle_reset+0x24>
     732:	00001517          	auipc	a0,0x1
     736:	e3650513          	addi	a0,a0,-458 # 1568 <_data_lma>
     73a:	20000597          	auipc	a1,0x20000
     73e:	8c658593          	addi	a1,a1,-1850 # 20000000 <_highcode_vma_end>
     742:	20000617          	auipc	a2,0x20000
     746:	8ee60613          	addi	a2,a2,-1810 # 20000030 <_edata>
     74a:	00c5fa63          	bgeu	a1,a2,75e <handle_reset+0x60>
     74e:	00052283          	lw	t0,0(a0)
     752:	0055a023          	sw	t0,0(a1)
     756:	0511                	addi	a0,a0,4
     758:	0591                	addi	a1,a1,4
     75a:	fec5eae3          	bltu	a1,a2,74e <handle_reset+0x50>
     75e:	20000517          	auipc	a0,0x20000
     762:	8d250513          	addi	a0,a0,-1838 # 20000030 <_edata>
     766:	80c18593          	addi	a1,gp,-2036 # 2000003c <_ebss>
     76a:	00b57763          	bgeu	a0,a1,778 <handle_reset+0x7a>
     76e:	00052023          	sw	zero,0(a0)
     772:	0511                	addi	a0,a0,4
     774:	feb56de3          	bltu	a0,a1,76e <handle_reset+0x70>
     778:	000022b7          	lui	t0,0x2
     77c:	88028293          	addi	t0,t0,-1920 # 1880 <_data_lma+0x318>
     780:	30029073          	csrw	mstatus,t0
     784:	428d                	li	t0,3
     786:	80429073          	csrw	0x804,t0
     78a:	00000297          	auipc	t0,0x0
     78e:	87628293          	addi	t0,t0,-1930 # 0 <_sinit>
     792:	0032e293          	ori	t0,t0,3
     796:	30529073          	csrw	mtvec,t0
     79a:	ee5ff0ef          	jal	ra,67e <SystemInit>
     79e:	00000297          	auipc	t0,0x0
     7a2:	bb228293          	addi	t0,t0,-1102 # 350 <main>
     7a6:	34129073          	csrw	mepc,t0
     7aa:	30200073          	mret

000007ae <GPIO_Init>:
     7ae:	4594                	lw	a3,8(a1)
     7b0:	0106f793          	andi	a5,a3,16
     7b4:	00f6f293          	andi	t0,a3,15
     7b8:	c781                	beqz	a5,7c0 <GPIO_Init+0x12>
     7ba:	41dc                	lw	a5,4(a1)
     7bc:	00f2e2b3          	or	t0,t0,a5
     7c0:	0005d383          	lhu	t2,0(a1)
     7c4:	0ff3f793          	andi	a5,t2,255
     7c8:	c3a5                	beqz	a5,828 <GPIO_Init+0x7a>
     7ca:	00052303          	lw	t1,0(a0)
     7ce:	1161                	addi	sp,sp,-8
     7d0:	c222                	sw	s0,4(sp)
     7d2:	c026                	sw	s1,0(sp)
     7d4:	4781                	li	a5,0
     7d6:	02800413          	li	s0,40
     7da:	04800493          	li	s1,72
     7de:	4705                	li	a4,1
     7e0:	00f71633          	sll	a2,a4,a5
     7e4:	00c3f733          	and	a4,t2,a2
     7e8:	02e61263          	bne	a2,a4,80c <GPIO_Init+0x5e>
     7ec:	00279593          	slli	a1,a5,0x2
     7f0:	473d                	li	a4,15
     7f2:	00b71733          	sll	a4,a4,a1
     7f6:	fff74713          	not	a4,a4
     7fa:	00677333          	and	t1,a4,t1
     7fe:	00b295b3          	sll	a1,t0,a1
     802:	0065e333          	or	t1,a1,t1
     806:	00869d63          	bne	a3,s0,820 <GPIO_Init+0x72>
     80a:	c950                	sw	a2,20(a0)
     80c:	0785                	addi	a5,a5,1
     80e:	4721                	li	a4,8
     810:	fce797e3          	bne	a5,a4,7de <GPIO_Init+0x30>
     814:	4412                	lw	s0,4(sp)
     816:	00652023          	sw	t1,0(a0)
     81a:	4482                	lw	s1,0(sp)
     81c:	0121                	addi	sp,sp,8
     81e:	8082                	ret
     820:	fe9696e3          	bne	a3,s1,80c <GPIO_Init+0x5e>
     824:	c910                	sw	a2,16(a0)
     826:	b7dd                	j	80c <GPIO_Init+0x5e>
     828:	8082                	ret

0000082a <GPIO_SetBits>:
     82a:	c90c                	sw	a1,16(a0)
     82c:	8082                	ret

0000082e <GPIO_ResetBits>:
     82e:	c94c                	sw	a1,20(a0)
     830:	8082                	ret

00000832 <NVIC_Init>:
     832:	200007b7          	lui	a5,0x20000
     836:	0347a683          	lw	a3,52(a5) # 20000034 <NVIC_Priority_Group>
     83a:	4785                	li	a5,1
     83c:	2118                	lbu	a4,0(a0)
     83e:	02f69063          	bne	a3,a5,85e <NVIC_Init+0x2c>
     842:	311c                	lbu	a5,1(a0)
     844:	02d79c63          	bne	a5,a3,87c <NVIC_Init+0x4a>
     848:	213c                	lbu	a5,2(a0)
     84a:	079a                	slli	a5,a5,0x6
     84c:	f807e793          	ori	a5,a5,-128
     850:	e000e6b7          	lui	a3,0xe000e
     854:	0ff7f793          	andi	a5,a5,255
     858:	96ba                	add	a3,a3,a4
     85a:	40f68023          	sb	a5,1024(a3) # e000e400 <__global_pointer$+0xc000dbd0>
     85e:	4685                	li	a3,1
     860:	00575793          	srli	a5,a4,0x5
     864:	00e69733          	sll	a4,a3,a4
     868:	4154                	lw	a3,4(a0)
     86a:	ce89                	beqz	a3,884 <NVIC_Init+0x52>
     86c:	04078793          	addi	a5,a5,64
     870:	078a                	slli	a5,a5,0x2
     872:	e000e6b7          	lui	a3,0xe000e
     876:	97b6                	add	a5,a5,a3
     878:	c398                	sw	a4,0(a5)
     87a:	8082                	ret
     87c:	f3ed                	bnez	a5,85e <NVIC_Init+0x2c>
     87e:	213c                	lbu	a5,2(a0)
     880:	079a                	slli	a5,a5,0x6
     882:	b7f9                	j	850 <NVIC_Init+0x1e>
     884:	06078793          	addi	a5,a5,96
     888:	e000e6b7          	lui	a3,0xe000e
     88c:	078a                	slli	a5,a5,0x2
     88e:	97b6                	add	a5,a5,a3
     890:	c398                	sw	a4,0(a5)
     892:	0000100f          	fence.i
     896:	8082                	ret

00000898 <RCC_GetClocksFreq>:
     898:	809ff2ef          	jal	t0,a0 <__riscv_save_0>
     89c:	40021737          	lui	a4,0x40021
     8a0:	435c                	lw	a5,4(a4)
     8a2:	4691                	li	a3,4
     8a4:	842a                	mv	s0,a0
     8a6:	8bb1                	andi	a5,a5,12
     8a8:	00d78563          	beq	a5,a3,8b2 <RCC_GetClocksFreq+0x1a>
     8ac:	46a1                	li	a3,8
     8ae:	08d78063          	beq	a5,a3,92e <RCC_GetClocksFreq+0x96>
     8b2:	016e37b7          	lui	a5,0x16e3
     8b6:	60078793          	addi	a5,a5,1536 # 16e3600 <_data_lma+0x16e2098>
     8ba:	c01c                	sw	a5,0(s0)
     8bc:	400216b7          	lui	a3,0x40021
     8c0:	42dc                	lw	a5,4(a3)
     8c2:	8391                	srli	a5,a5,0x4
     8c4:	00f7f713          	andi	a4,a5,15
     8c8:	200007b7          	lui	a5,0x20000
     8cc:	01c78793          	addi	a5,a5,28 # 2000001c <APBAHBPrescTable>
     8d0:	97ba                	add	a5,a5,a4
     8d2:	238c                	lbu	a1,0(a5)
     8d4:	42dc                	lw	a5,4(a3)
     8d6:	4018                	lw	a4,0(s0)
     8d8:	0ff5f593          	andi	a1,a1,255
     8dc:	0807f793          	andi	a5,a5,128
     8e0:	00b75533          	srl	a0,a4,a1
     8e4:	e781                	bnez	a5,8ec <RCC_GetClocksFreq+0x54>
     8e6:	853a                	mv	a0,a4
     8e8:	fecff0ef          	jal	ra,d4 <__udivsi3>
     8ec:	c048                	sw	a0,4(s0)
     8ee:	c408                	sw	a0,8(s0)
     8f0:	c448                	sw	a0,12(s0)
     8f2:	400217b7          	lui	a5,0x40021
     8f6:	43dc                	lw	a5,4(a5)
     8f8:	468d                	li	a3,3
     8fa:	83ad                	srli	a5,a5,0xb
     8fc:	8bfd                	andi	a5,a5,31
     8fe:	0037d713          	srli	a4,a5,0x3
     902:	078a                	slli	a5,a5,0x2
     904:	8bf1                	andi	a5,a5,28
     906:	8fd9                	or	a5,a5,a4
     908:	0137f613          	andi	a2,a5,19
     90c:	0037f713          	andi	a4,a5,3
     910:	00c6f463          	bgeu	a3,a2,918 <RCC_GetClocksFreq+0x80>
     914:	ff478713          	addi	a4,a5,-12 # 40020ff4 <__global_pointer$+0x200207c4>
     918:	200007b7          	lui	a5,0x20000
     91c:	00878793          	addi	a5,a5,8 # 20000008 <ADCPrescTable>
     920:	97ba                	add	a5,a5,a4
     922:	238c                	lbu	a1,0(a5)
     924:	fb0ff0ef          	jal	ra,d4 <__udivsi3>
     928:	c808                	sw	a0,16(s0)
     92a:	f80ff06f          	j	aa <__riscv_restore_0>
     92e:	435c                	lw	a5,4(a4)
     930:	02dc77b7          	lui	a5,0x2dc7
     934:	c0078793          	addi	a5,a5,-1024 # 2dc6c00 <_data_lma+0x2dc5698>
     938:	b749                	j	8ba <RCC_GetClocksFreq+0x22>

0000093a <RCC_APB2PeriphClockCmd>:
     93a:	c599                	beqz	a1,948 <RCC_APB2PeriphClockCmd+0xe>
     93c:	40021737          	lui	a4,0x40021
     940:	4f1c                	lw	a5,24(a4)
     942:	8d5d                	or	a0,a0,a5
     944:	cf08                	sw	a0,24(a4)
     946:	8082                	ret
     948:	400217b7          	lui	a5,0x40021
     94c:	4f98                	lw	a4,24(a5)
     94e:	fff54513          	not	a0,a0
     952:	8d79                	and	a0,a0,a4
     954:	cf88                	sw	a0,24(a5)
     956:	8082                	ret

00000958 <RCC_APB1PeriphClockCmd>:
     958:	c599                	beqz	a1,966 <RCC_APB1PeriphClockCmd+0xe>
     95a:	40021737          	lui	a4,0x40021
     95e:	4f5c                	lw	a5,28(a4)
     960:	8d5d                	or	a0,a0,a5
     962:	cf48                	sw	a0,28(a4)
     964:	8082                	ret
     966:	400217b7          	lui	a5,0x40021
     96a:	4fd8                	lw	a4,28(a5)
     96c:	fff54513          	not	a0,a0
     970:	8d79                	and	a0,a0,a4
     972:	cfc8                	sw	a0,28(a5)
     974:	8082                	ret

00000976 <SPI_Init>:
     976:	211a                	lhu	a4,0(a0)
     978:	678d                	lui	a5,0x3
     97a:	04078793          	addi	a5,a5,64 # 3040 <_data_lma+0x1ad8>
     97e:	21b6                	lhu	a3,2(a1)
     980:	8f7d                	and	a4,a4,a5
     982:	219e                	lhu	a5,0(a1)
     984:	8fd5                	or	a5,a5,a3
     986:	21d6                	lhu	a3,4(a1)
     988:	8fd5                	or	a5,a5,a3
     98a:	21f6                	lhu	a3,6(a1)
     98c:	8fd5                	or	a5,a5,a3
     98e:	2596                	lhu	a3,8(a1)
     990:	8fd5                	or	a5,a5,a3
     992:	25b6                	lhu	a3,10(a1)
     994:	8fd5                	or	a5,a5,a3
     996:	25d6                	lhu	a3,12(a1)
     998:	8fd5                	or	a5,a5,a3
     99a:	25f6                	lhu	a3,14(a1)
     99c:	8fd5                	or	a5,a5,a3
     99e:	8fd9                	or	a5,a5,a4
     9a0:	a11e                	sh	a5,0(a0)
     9a2:	299e                	lhu	a5,16(a1)
     9a4:	a91e                	sh	a5,16(a0)
     9a6:	8082                	ret

000009a8 <SPI_Cmd>:
     9a8:	211e                	lhu	a5,0(a0)
     9aa:	c589                	beqz	a1,9b4 <SPI_Cmd+0xc>
     9ac:	0407e793          	ori	a5,a5,64
     9b0:	a11e                	sh	a5,0(a0)
     9b2:	8082                	ret
     9b4:	07c2                	slli	a5,a5,0x10
     9b6:	83c1                	srli	a5,a5,0x10
     9b8:	fbf7f793          	andi	a5,a5,-65
     9bc:	07c2                	slli	a5,a5,0x10
     9be:	83c1                	srli	a5,a5,0x10
     9c0:	bfc5                	j	9b0 <SPI_Cmd+0x8>

000009c2 <SPI_I2S_SendData>:
     9c2:	a54e                	sh	a1,12(a0)
     9c4:	8082                	ret

000009c6 <SPI_I2S_ReceiveData>:
     9c6:	254a                	lhu	a0,12(a0)
     9c8:	8082                	ret

000009ca <SPI_I2S_GetFlagStatus>:
     9ca:	250a                	lhu	a0,8(a0)
     9cc:	8d6d                	and	a0,a0,a1
     9ce:	00a03533          	snez	a0,a0
     9d2:	8082                	ret

000009d4 <TIM_TimeBaseInit>:
     9d4:	211e                	lhu	a5,0(a0)
     9d6:	40013737          	lui	a4,0x40013
     9da:	c0070713          	addi	a4,a4,-1024 # 40012c00 <__global_pointer$+0x200123d0>
     9de:	07c2                	slli	a5,a5,0x10
     9e0:	83c1                	srli	a5,a5,0x10
     9e2:	00e50663          	beq	a0,a4,9ee <TIM_TimeBaseInit+0x1a>
     9e6:	40000737          	lui	a4,0x40000
     9ea:	00e51663          	bne	a0,a4,9f6 <TIM_TimeBaseInit+0x22>
     9ee:	21ba                	lhu	a4,2(a1)
     9f0:	f8f7f793          	andi	a5,a5,-113
     9f4:	8fd9                	or	a5,a5,a4
     9f6:	21fa                	lhu	a4,6(a1)
     9f8:	cff7f793          	andi	a5,a5,-769
     9fc:	07c2                	slli	a5,a5,0x10
     9fe:	83c1                	srli	a5,a5,0x10
     a00:	8fd9                	or	a5,a5,a4
     a02:	a11e                	sh	a5,0(a0)
     a04:	21de                	lhu	a5,4(a1)
     a06:	b55e                	sh	a5,44(a0)
     a08:	219e                	lhu	a5,0(a1)
     a0a:	b51e                	sh	a5,40(a0)
     a0c:	400137b7          	lui	a5,0x40013
     a10:	c0078793          	addi	a5,a5,-1024 # 40012c00 <__global_pointer$+0x200123d0>
     a14:	00f51463          	bne	a0,a5,a1c <TIM_TimeBaseInit+0x48>
     a18:	259c                	lbu	a5,8(a1)
     a1a:	b91e                	sh	a5,48(a0)
     a1c:	4785                	li	a5,1
     a1e:	a95e                	sh	a5,20(a0)
     a20:	8082                	ret

00000a22 <TIM_Cmd>:
     a22:	211e                	lhu	a5,0(a0)
     a24:	c589                	beqz	a1,a2e <TIM_Cmd+0xc>
     a26:	0017e793          	ori	a5,a5,1
     a2a:	a11e                	sh	a5,0(a0)
     a2c:	8082                	ret
     a2e:	07c2                	slli	a5,a5,0x10
     a30:	83c1                	srli	a5,a5,0x10
     a32:	9bf9                	andi	a5,a5,-2
     a34:	07c2                	slli	a5,a5,0x10
     a36:	83c1                	srli	a5,a5,0x10
     a38:	bfcd                	j	a2a <TIM_Cmd+0x8>

00000a3a <TIM_ITConfig>:
     a3a:	255e                	lhu	a5,12(a0)
     a3c:	c601                	beqz	a2,a44 <TIM_ITConfig+0xa>
     a3e:	8ddd                	or	a1,a1,a5
     a40:	a54e                	sh	a1,12(a0)
     a42:	8082                	ret
     a44:	fff5c593          	not	a1,a1
     a48:	8dfd                	and	a1,a1,a5
     a4a:	bfdd                	j	a40 <TIM_ITConfig+0x6>

00000a4c <TIM_GetITStatus>:
     a4c:	291e                	lhu	a5,16(a0)
     a4e:	254a                	lhu	a0,12(a0)
     a50:	8fed                	and	a5,a5,a1
     a52:	0542                	slli	a0,a0,0x10
     a54:	8141                	srli	a0,a0,0x10
     a56:	c789                	beqz	a5,a60 <TIM_GetITStatus+0x14>
     a58:	8d6d                	and	a0,a0,a1
     a5a:	00a03533          	snez	a0,a0
     a5e:	8082                	ret
     a60:	4501                	li	a0,0
     a62:	8082                	ret

00000a64 <TIM_ClearITPendingBit>:
     a64:	fff5c593          	not	a1,a1
     a68:	05c2                	slli	a1,a1,0x10
     a6a:	81c1                	srli	a1,a1,0x10
     a6c:	a90e                	sh	a1,16(a0)
     a6e:	8082                	ret

00000a70 <USART_Init>:
     a70:	e30ff2ef          	jal	t0,a0 <__riscv_save_0>
     a74:	2916                	lhu	a3,16(a0)
     a76:	77f5                	lui	a5,0xffffd
     a78:	17fd                	addi	a5,a5,-1
     a7a:	8ff5                	and	a5,a5,a3
     a7c:	21f6                	lhu	a3,6(a1)
     a7e:	25da                	lhu	a4,12(a1)
     a80:	1121                	addi	sp,sp,-24
     a82:	8fd5                	or	a5,a5,a3
     a84:	a91e                	sh	a5,16(a0)
     a86:	2556                	lhu	a3,12(a0)
     a88:	77fd                	lui	a5,0xfffff
     a8a:	9f378793          	addi	a5,a5,-1549 # ffffe9f3 <__global_pointer$+0xdfffe1c3>
     a8e:	8ff5                	and	a5,a5,a3
     a90:	21d6                	lhu	a3,4(a1)
     a92:	842a                	mv	s0,a0
     a94:	c02e                	sw	a1,0(sp)
     a96:	8fd5                	or	a5,a5,a3
     a98:	2596                	lhu	a3,8(a1)
     a9a:	8fd5                	or	a5,a5,a3
     a9c:	25b6                	lhu	a3,10(a1)
     a9e:	8fd5                	or	a5,a5,a3
     aa0:	a55e                	sh	a5,12(a0)
     aa2:	295e                	lhu	a5,20(a0)
     aa4:	07c2                	slli	a5,a5,0x10
     aa6:	83c1                	srli	a5,a5,0x10
     aa8:	cff7f793          	andi	a5,a5,-769
     aac:	8f5d                	or	a4,a4,a5
     aae:	a95a                	sh	a4,20(a0)
     ab0:	0048                	addi	a0,sp,4
     ab2:	33dd                	jal	898 <RCC_GetClocksFreq>
     ab4:	400147b7          	lui	a5,0x40014
     ab8:	80078793          	addi	a5,a5,-2048 # 40013800 <__global_pointer$+0x20012fd0>
     abc:	4582                	lw	a1,0(sp)
     abe:	06f41263          	bne	s0,a5,b22 <USART_Init+0xb2>
     ac2:	47c2                	lw	a5,16(sp)
     ac4:	245a                	lhu	a4,12(s0)
     ac6:	00179513          	slli	a0,a5,0x1
     aca:	953e                	add	a0,a0,a5
     acc:	0742                	slli	a4,a4,0x10
     ace:	050e                	slli	a0,a0,0x3
     ad0:	8741                	srai	a4,a4,0x10
     ad2:	953e                	add	a0,a0,a5
     ad4:	418c                	lw	a1,0(a1)
     ad6:	04075863          	bgez	a4,b26 <USART_Init+0xb6>
     ada:	0586                	slli	a1,a1,0x1
     adc:	df8ff0ef          	jal	ra,d4 <__udivsi3>
     ae0:	06400593          	li	a1,100
     ae4:	c02a                	sw	a0,0(sp)
     ae6:	deeff0ef          	jal	ra,d4 <__udivsi3>
     aea:	4782                	lw	a5,0(sp)
     aec:	00451493          	slli	s1,a0,0x4
     af0:	06400593          	li	a1,100
     af4:	853e                	mv	a0,a5
     af6:	e0aff0ef          	jal	ra,100 <__umodsi3>
     afa:	245e                	lhu	a5,12(s0)
     afc:	07c2                	slli	a5,a5,0x10
     afe:	87c1                	srai	a5,a5,0x10
     b00:	0207d563          	bgez	a5,b2a <USART_Init+0xba>
     b04:	050e                	slli	a0,a0,0x3
     b06:	06400593          	li	a1,100
     b0a:	03250513          	addi	a0,a0,50
     b0e:	dc6ff0ef          	jal	ra,d4 <__udivsi3>
     b12:	891d                	andi	a0,a0,7
     b14:	8cc9                	or	s1,s1,a0
     b16:	04c2                	slli	s1,s1,0x10
     b18:	80c1                	srli	s1,s1,0x10
     b1a:	a406                	sh	s1,8(s0)
     b1c:	0161                	addi	sp,sp,24
     b1e:	d8cff06f          	j	aa <__riscv_restore_0>
     b22:	47b2                	lw	a5,12(sp)
     b24:	b745                	j	ac4 <USART_Init+0x54>
     b26:	058a                	slli	a1,a1,0x2
     b28:	bf55                	j	adc <USART_Init+0x6c>
     b2a:	0512                	slli	a0,a0,0x4
     b2c:	06400593          	li	a1,100
     b30:	03250513          	addi	a0,a0,50
     b34:	da0ff0ef          	jal	ra,d4 <__udivsi3>
     b38:	893d                	andi	a0,a0,15
     b3a:	bfe9                	j	b14 <USART_Init+0xa4>

00000b3c <USART_Cmd>:
     b3c:	c591                	beqz	a1,b48 <USART_Cmd+0xc>
     b3e:	255e                	lhu	a5,12(a0)
     b40:	6709                	lui	a4,0x2
     b42:	8fd9                	or	a5,a5,a4
     b44:	a55e                	sh	a5,12(a0)
     b46:	8082                	ret
     b48:	255a                	lhu	a4,12(a0)
     b4a:	77f9                	lui	a5,0xffffe
     b4c:	17fd                	addi	a5,a5,-1
     b4e:	8ff9                	and	a5,a5,a4
     b50:	bfd5                	j	b44 <USART_Cmd+0x8>

00000b52 <USART_SendData>:
     b52:	1ff5f593          	andi	a1,a1,511
     b56:	a14e                	sh	a1,4(a0)
     b58:	8082                	ret

00000b5a <USART_GetFlagStatus>:
     b5a:	210a                	lhu	a0,0(a0)
     b5c:	8d6d                	and	a0,a0,a1
     b5e:	00a03533          	snez	a0,a0
     b62:	8082                	ret

00000b64 <Delay_Init>:
     b64:	d3cff2ef          	jal	t0,a0 <__riscv_save_0>
     b68:	200007b7          	lui	a5,0x20000
     b6c:	0047a503          	lw	a0,4(a5) # 20000004 <SystemCoreClock>
     b70:	007a15b7          	lui	a1,0x7a1
     b74:	20058593          	addi	a1,a1,512 # 7a1200 <_data_lma+0x79fc98>
     b78:	d5cff0ef          	jal	ra,d4 <__udivsi3>
     b7c:	0ff57513          	andi	a0,a0,255
     b80:	80a18523          	sb	a0,-2038(gp) # 2000003a <p_us>
     b84:	00551793          	slli	a5,a0,0x5
     b88:	8f89                	sub	a5,a5,a0
     b8a:	078a                	slli	a5,a5,0x2
     b8c:	953e                	add	a0,a0,a5
     b8e:	050e                	slli	a0,a0,0x3
     b90:	80a19423          	sh	a0,-2040(gp) # 20000038 <p_ms>
     b94:	d16ff06f          	j	aa <__riscv_restore_0>

00000b98 <Delay_Ms>:
     b98:	d08ff2ef          	jal	t0,a0 <__riscv_save_0>
     b9c:	e000f437          	lui	s0,0xe000f
     ba0:	405c                	lw	a5,4(s0)
     ba2:	85aa                	mv	a1,a0
     ba4:	9bf9                	andi	a5,a5,-2
     ba6:	c05c                	sw	a5,4(s0)
     ba8:	8081d503          	lhu	a0,-2040(gp) # 20000038 <p_ms>
     bac:	d08ff0ef          	jal	ra,b4 <__mulsi3>
     bb0:	c808                	sw	a0,16(s0)
     bb2:	00042423          	sw	zero,8(s0) # e000f008 <__global_pointer$+0xc000e7d8>
     bb6:	401c                	lw	a5,0(s0)
     bb8:	0017e793          	ori	a5,a5,1
     bbc:	c01c                	sw	a5,0(s0)
     bbe:	e000f7b7          	lui	a5,0xe000f
     bc2:	43d8                	lw	a4,4(a5)
     bc4:	8b05                	andi	a4,a4,1
     bc6:	df75                	beqz	a4,bc2 <Delay_Ms+0x2a>
     bc8:	4398                	lw	a4,0(a5)
     bca:	9b79                	andi	a4,a4,-2
     bcc:	c398                	sw	a4,0(a5)
     bce:	cdcff06f          	j	aa <__riscv_restore_0>

00000bd2 <USART_Printf_Init>:
     bd2:	cceff2ef          	jal	t0,a0 <__riscv_save_0>
     bd6:	842a                	mv	s0,a0
     bd8:	6511                	lui	a0,0x4
     bda:	1111                	addi	sp,sp,-28
     bdc:	4585                	li	a1,1
     bde:	02050513          	addi	a0,a0,32 # 4020 <_data_lma+0x2ab8>
     be2:	3ba1                	jal	93a <RCC_APB2PeriphClockCmd>
     be4:	02000793          	li	a5,32
     be8:	807c                	sh	a5,0(sp)
     bea:	40011537          	lui	a0,0x40011
     bee:	478d                	li	a5,3
     bf0:	c23e                	sw	a5,4(sp)
     bf2:	858a                	mv	a1,sp
     bf4:	47e1                	li	a5,24
     bf6:	40050513          	addi	a0,a0,1024 # 40011400 <__global_pointer$+0x20010bd0>
     bfa:	c43e                	sw	a5,8(sp)
     bfc:	3e4d                	jal	7ae <GPIO_Init>
     bfe:	c622                	sw	s0,12(sp)
     c00:	40014437          	lui	s0,0x40014
     c04:	000807b7          	lui	a5,0x80
     c08:	006c                	addi	a1,sp,12
     c0a:	80040513          	addi	a0,s0,-2048 # 40013800 <__global_pointer$+0x20012fd0>
     c0e:	ca3e                	sw	a5,20(sp)
     c10:	c802                	sw	zero,16(sp)
     c12:	00011c23          	sh	zero,24(sp)
     c16:	3da9                	jal	a70 <USART_Init>
     c18:	4585                	li	a1,1
     c1a:	80040513          	addi	a0,s0,-2048
     c1e:	3f39                	jal	b3c <USART_Cmd>
     c20:	0171                	addi	sp,sp,28
     c22:	c88ff06f          	j	aa <__riscv_restore_0>

00000c26 <_write>:
     c26:	c7aff2ef          	jal	t0,a0 <__riscv_save_0>
     c2a:	1171                	addi	sp,sp,-4
     c2c:	84ae                	mv	s1,a1
     c2e:	4401                	li	s0,0
     c30:	02c45d63          	bge	s0,a2,c6a <_write+0x44>
     c34:	400147b7          	lui	a5,0x40014
     c38:	80078713          	addi	a4,a5,-2048 # 40013800 <__global_pointer$+0x20012fd0>
     c3c:	853a                	mv	a0,a4
     c3e:	04000593          	li	a1,64
     c42:	c032                	sw	a2,0(sp)
     c44:	3f19                	jal	b5a <USART_GetFlagStatus>
     c46:	400147b7          	lui	a5,0x40014
     c4a:	80078713          	addi	a4,a5,-2048 # 40013800 <__global_pointer$+0x20012fd0>
     c4e:	4602                	lw	a2,0(sp)
     c50:	d575                	beqz	a0,c3c <_write+0x16>
     c52:	00848733          	add	a4,s1,s0
     c56:	00070583          	lb	a1,0(a4) # 2000 <_data_lma+0xa98>
     c5a:	80078513          	addi	a0,a5,-2048
     c5e:	0405                	addi	s0,s0,1
     c60:	05c2                	slli	a1,a1,0x10
     c62:	81c1                	srli	a1,a1,0x10
     c64:	35fd                	jal	b52 <USART_SendData>
     c66:	4602                	lw	a2,0(sp)
     c68:	b7e1                	j	c30 <_write+0xa>
     c6a:	8532                	mv	a0,a2
     c6c:	0111                	addi	sp,sp,4
     c6e:	c3cff06f          	j	aa <__riscv_restore_0>

00000c72 <printchar>:
     c72:	1141                	addi	sp,sp,-16
     c74:	c606                	sw	ra,12(sp)
     c76:	c02e                	sw	a1,0(sp)
     c78:	cd0d                	beqz	a0,cb2 <printchar+0x40>
     c7a:	4118                	lw	a4,0(a0)
     c7c:	87aa                	mv	a5,a0
     c7e:	c305                	beqz	a4,c9e <printchar+0x2c>
     c80:	4158                	lw	a4,4(a0)
     c82:	557d                	li	a0,-1
     c84:	cb11                	beqz	a4,c98 <printchar+0x26>
     c86:	4685                	li	a3,1
     c88:	00d71b63          	bne	a4,a3,c9e <printchar+0x2c>
     c8c:	4798                	lw	a4,8(a5)
     c8e:	00070023          	sb	zero,0(a4)
     c92:	0007a223          	sw	zero,4(a5)
     c96:	4505                	li	a0,1
     c98:	40b2                	lw	ra,12(sp)
     c9a:	0141                	addi	sp,sp,16
     c9c:	8082                	ret
     c9e:	4798                	lw	a4,8(a5)
     ca0:	4682                	lw	a3,0(sp)
     ca2:	a314                	sb	a3,0(a4)
     ca4:	4798                	lw	a4,8(a5)
     ca6:	0705                	addi	a4,a4,1
     ca8:	c798                	sw	a4,8(a5)
     caa:	43d8                	lw	a4,4(a5)
     cac:	177d                	addi	a4,a4,-1
     cae:	c3d8                	sw	a4,4(a5)
     cb0:	b7dd                	j	c96 <printchar+0x24>
     cb2:	4605                	li	a2,1
     cb4:	858a                	mv	a1,sp
     cb6:	3f85                	jal	c26 <_write>
     cb8:	bff9                	j	c96 <printchar+0x24>

00000cba <prints>:
     cba:	1101                	addi	sp,sp,-32
     cbc:	cc22                	sw	s0,24(sp)
     cbe:	c22e                	sw	a1,4(sp)
     cc0:	ce06                	sw	ra,28(sp)
     cc2:	ca26                	sw	s1,20(sp)
     cc4:	842a                	mv	s0,a0
     cc6:	4781                	li	a5,0
     cc8:	02000593          	li	a1,32
     ccc:	02064563          	bltz	a2,cf6 <prints+0x3c>
     cd0:	4592                	lw	a1,4(sp)
     cd2:	95be                	add	a1,a1,a5
     cd4:	00058583          	lb	a1,0(a1)
     cd8:	e58d                	bnez	a1,d02 <prints+0x48>
     cda:	02c7d863          	bge	a5,a2,d0a <prints+0x50>
     cde:	02e7d463          	bge	a5,a4,d06 <prints+0x4c>
     ce2:	8e19                	sub	a2,a2,a4
     ce4:	02000513          	li	a0,32
     ce8:	0026f593          	andi	a1,a3,2
     cec:	c02a                	sw	a0,0(sp)
     cee:	c589                	beqz	a1,cf8 <prints+0x3e>
     cf0:	e701                	bnez	a4,cf8 <prints+0x3e>
     cf2:	03000593          	li	a1,48
     cf6:	c02e                	sw	a1,0(sp)
     cf8:	8a85                	andi	a3,a3,1
     cfa:	4481                	li	s1,0
     cfc:	ea95                	bnez	a3,d30 <prints+0x76>
     cfe:	84b2                	mv	s1,a2
     d00:	a00d                	j	d22 <prints+0x68>
     d02:	0785                	addi	a5,a5,1
     d04:	b7f1                	j	cd0 <prints+0x16>
     d06:	8e1d                	sub	a2,a2,a5
     d08:	bff1                	j	ce4 <prints+0x2a>
     d0a:	4601                	li	a2,0
     d0c:	bfe1                	j	ce4 <prints+0x2a>
     d0e:	4582                	lw	a1,0(sp)
     d10:	8522                	mv	a0,s0
     d12:	c83a                	sw	a4,16(sp)
     d14:	c632                	sw	a2,12(sp)
     d16:	c43e                	sw	a5,8(sp)
     d18:	3fa9                	jal	c72 <printchar>
     d1a:	47a2                	lw	a5,8(sp)
     d1c:	4632                	lw	a2,12(sp)
     d1e:	4742                	lw	a4,16(sp)
     d20:	14fd                	addi	s1,s1,-1
     d22:	fe9046e3          	bgtz	s1,d0e <prints+0x54>
     d26:	84b2                	mv	s1,a2
     d28:	00065363          	bgez	a2,d2e <prints+0x74>
     d2c:	4481                	li	s1,0
     d2e:	8e05                	sub	a2,a2,s1
     d30:	02e7c763          	blt	a5,a4,d5e <prints+0xa4>
     d34:	87a6                	mv	a5,s1
     d36:	4692                	lw	a3,4(sp)
     d38:	40978733          	sub	a4,a5,s1
     d3c:	9736                	add	a4,a4,a3
     d3e:	00070583          	lb	a1,0(a4)
     d42:	ed95                	bnez	a1,d7e <prints+0xc4>
     d44:	84b2                	mv	s1,a2
     d46:	04904463          	bgtz	s1,d8e <prints+0xd4>
     d4a:	00065363          	bgez	a2,d50 <prints+0x96>
     d4e:	4601                	li	a2,0
     d50:	40f2                	lw	ra,28(sp)
     d52:	4462                	lw	s0,24(sp)
     d54:	44d2                	lw	s1,20(sp)
     d56:	00f60533          	add	a0,a2,a5
     d5a:	6105                	addi	sp,sp,32
     d5c:	8082                	ret
     d5e:	8f1d                	sub	a4,a4,a5
     d60:	87ba                	mv	a5,a4
     d62:	03000593          	li	a1,48
     d66:	8522                	mv	a0,s0
     d68:	c832                	sw	a2,16(sp)
     d6a:	c63e                	sw	a5,12(sp)
     d6c:	c43a                	sw	a4,8(sp)
     d6e:	3711                	jal	c72 <printchar>
     d70:	47b2                	lw	a5,12(sp)
     d72:	4722                	lw	a4,8(sp)
     d74:	4642                	lw	a2,16(sp)
     d76:	17fd                	addi	a5,a5,-1
     d78:	f7ed                	bnez	a5,d62 <prints+0xa8>
     d7a:	94ba                	add	s1,s1,a4
     d7c:	bf65                	j	d34 <prints+0x7a>
     d7e:	8522                	mv	a0,s0
     d80:	c632                	sw	a2,12(sp)
     d82:	c43e                	sw	a5,8(sp)
     d84:	35fd                	jal	c72 <printchar>
     d86:	47a2                	lw	a5,8(sp)
     d88:	4632                	lw	a2,12(sp)
     d8a:	0785                	addi	a5,a5,1
     d8c:	b76d                	j	d36 <prints+0x7c>
     d8e:	4582                	lw	a1,0(sp)
     d90:	8522                	mv	a0,s0
     d92:	c432                	sw	a2,8(sp)
     d94:	c23e                	sw	a5,4(sp)
     d96:	3df1                	jal	c72 <printchar>
     d98:	14fd                	addi	s1,s1,-1
     d9a:	4622                	lw	a2,8(sp)
     d9c:	4792                	lw	a5,4(sp)
     d9e:	b765                	j	d46 <prints+0x8c>

00000da0 <printInt>:
     da0:	7139                	addi	sp,sp,-64
     da2:	de06                	sw	ra,60(sp)
     da4:	dc22                	sw	s0,56(sp)
     da6:	da26                	sw	s1,52(sp)
     da8:	c23e                	sw	a5,4(sp)
     daa:	8332                	mv	t1,a2
     dac:	863a                	mv	a2,a4
     dae:	ed89                	bnez	a1,dc8 <printInt+0x28>
     db0:	4692                	lw	a3,4(sp)
     db2:	03000793          	li	a5,48
     db6:	4701                	li	a4,0
     db8:	086c                	addi	a1,sp,28
     dba:	86fc                	sh	a5,28(sp)
     dbc:	3dfd                	jal	cba <prints>
     dbe:	50f2                	lw	ra,60(sp)
     dc0:	5462                	lw	s0,56(sp)
     dc2:	54d2                	lw	s1,52(sp)
     dc4:	6121                	addi	sp,sp,64
     dc6:	8082                	ret
     dc8:	84aa                	mv	s1,a0
     dca:	8436                	mv	s0,a3
     dcc:	87ae                	mv	a5,a1
     dce:	ca91                	beqz	a3,de2 <printInt+0x42>
     dd0:	4729                	li	a4,10
     dd2:	4401                	li	s0,0
     dd4:	00e31763          	bne	t1,a4,de2 <printInt+0x42>
     dd8:	0005d563          	bgez	a1,de2 <printInt+0x42>
     ddc:	40b007b3          	neg	a5,a1
     de0:	4405                	li	s0,1
     de2:	4686                	lw	a3,64(sp)
     de4:	020109a3          	sb	zero,51(sp)
     de8:	03310713          	addi	a4,sp,51
     dec:	fc668693          	addi	a3,a3,-58 # 40020fc6 <__global_pointer$+0x20020796>
     df0:	c436                	sw	a3,8(sp)
     df2:	859a                	mv	a1,t1
     df4:	853e                	mv	a0,a5
     df6:	ca32                	sw	a2,20(sp)
     df8:	c83a                	sw	a4,16(sp)
     dfa:	c61a                	sw	t1,12(sp)
     dfc:	c03e                	sw	a5,0(sp)
     dfe:	b02ff0ef          	jal	ra,100 <__umodsi3>
     e02:	46a5                	li	a3,9
     e04:	4782                	lw	a5,0(sp)
     e06:	4332                	lw	t1,12(sp)
     e08:	4742                	lw	a4,16(sp)
     e0a:	4652                	lw	a2,20(sp)
     e0c:	00a6d463          	bge	a3,a0,e14 <printInt+0x74>
     e10:	46a2                	lw	a3,8(sp)
     e12:	9536                	add	a0,a0,a3
     e14:	03050513          	addi	a0,a0,48
     e18:	fff70693          	addi	a3,a4,-1
     e1c:	fea70fa3          	sb	a0,-1(a4)
     e20:	859a                	mv	a1,t1
     e22:	853e                	mv	a0,a5
     e24:	cc32                	sw	a2,24(sp)
     e26:	ca3a                	sw	a4,20(sp)
     e28:	c81a                	sw	t1,16(sp)
     e2a:	c63e                	sw	a5,12(sp)
     e2c:	c036                	sw	a3,0(sp)
     e2e:	aa6ff0ef          	jal	ra,d4 <__udivsi3>
     e32:	47b2                	lw	a5,12(sp)
     e34:	4342                	lw	t1,16(sp)
     e36:	4752                	lw	a4,20(sp)
     e38:	4662                	lw	a2,24(sp)
     e3a:	0467f963          	bgeu	a5,t1,e8c <printInt+0xec>
     e3e:	cc01                	beqz	s0,e56 <printInt+0xb6>
     e40:	ca29                	beqz	a2,e92 <printInt+0xf2>
     e42:	4792                	lw	a5,4(sp)
     e44:	8b89                	andi	a5,a5,2
     e46:	c7b1                	beqz	a5,e92 <printInt+0xf2>
     e48:	02d00593          	li	a1,45
     e4c:	8526                	mv	a0,s1
     e4e:	c432                	sw	a2,8(sp)
     e50:	350d                	jal	c72 <printchar>
     e52:	4622                	lw	a2,8(sp)
     e54:	167d                	addi	a2,a2,-1
     e56:	4792                	lw	a5,4(sp)
     e58:	8b91                	andi	a5,a5,4
     e5a:	c395                	beqz	a5,e7e <printInt+0xde>
     e5c:	4706                	lw	a4,64(sp)
     e5e:	06100793          	li	a5,97
     e62:	c432                	sw	a2,8(sp)
     e64:	03000593          	li	a1,48
     e68:	8526                	mv	a0,s1
     e6a:	02f71e63          	bne	a4,a5,ea6 <printInt+0x106>
     e6e:	3511                	jal	c72 <printchar>
     e70:	07800593          	li	a1,120
     e74:	8526                	mv	a0,s1
     e76:	3bf5                	jal	c72 <printchar>
     e78:	4622                	lw	a2,8(sp)
     e7a:	0409                	addi	s0,s0,2
     e7c:	1679                	addi	a2,a2,-2
     e7e:	4716                	lw	a4,68(sp)
     e80:	4692                	lw	a3,4(sp)
     e82:	4582                	lw	a1,0(sp)
     e84:	8526                	mv	a0,s1
     e86:	3d15                	jal	cba <prints>
     e88:	9522                	add	a0,a0,s0
     e8a:	bf15                	j	dbe <printInt+0x1e>
     e8c:	87aa                	mv	a5,a0
     e8e:	4702                	lw	a4,0(sp)
     e90:	b78d                	j	df2 <printInt+0x52>
     e92:	4682                	lw	a3,0(sp)
     e94:	02d00793          	li	a5,45
     e98:	4401                	li	s0,0
     e9a:	fef68fa3          	sb	a5,-1(a3)
     e9e:	ffe70793          	addi	a5,a4,-2
     ea2:	c03e                	sw	a5,0(sp)
     ea4:	bf4d                	j	e56 <printInt+0xb6>
     ea6:	33f1                	jal	c72 <printchar>
     ea8:	05800593          	li	a1,88
     eac:	b7e1                	j	e74 <printInt+0xd4>

00000eae <printLongLongInt>:
     eae:	4501                	li	a0,0
     eb0:	8082                	ret

00000eb2 <printDouble>:
     eb2:	4501                	li	a0,0
     eb4:	8082                	ret

00000eb6 <print>:
     eb6:	fd810113          	addi	sp,sp,-40
     eba:	d022                	sw	s0,32(sp)
     ebc:	ce26                	sw	s1,28(sp)
     ebe:	d206                	sw	ra,36(sp)
     ec0:	c42a                	sw	a0,8(sp)
     ec2:	82ae                	mv	t0,a1
     ec4:	8432                	mv	s0,a2
     ec6:	c602                	sw	zero,12(sp)
     ec8:	4481                	li	s1,0
     eca:	00028583          	lb	a1,0(t0)
     ece:	ed89                	bnez	a1,ee8 <print+0x32>
     ed0:	47a2                	lw	a5,8(sp)
     ed2:	c781                	beqz	a5,eda <print+0x24>
     ed4:	4581                	li	a1,0
     ed6:	853e                	mv	a0,a5
     ed8:	3b69                	jal	c72 <printchar>
     eda:	5092                	lw	ra,36(sp)
     edc:	5402                	lw	s0,32(sp)
     ede:	8526                	mv	a0,s1
     ee0:	44f2                	lw	s1,28(sp)
     ee2:	02810113          	addi	sp,sp,40
     ee6:	8082                	ret
     ee8:	02500793          	li	a5,37
     eec:	00f58863          	beq	a1,a5,efc <print+0x46>
     ef0:	4522                	lw	a0,8(sp)
     ef2:	c816                	sw	t0,16(sp)
     ef4:	0485                	addi	s1,s1,1
     ef6:	3bb5                	jal	c72 <printchar>
     ef8:	42c2                	lw	t0,16(sp)
     efa:	a839                	j	f18 <print+0x62>
     efc:	00128783          	lb	a5,1(t0)
     f00:	00128713          	addi	a4,t0,1
     f04:	00b79c63          	bne	a5,a1,f1c <print+0x66>
     f08:	4522                	lw	a0,8(sp)
     f0a:	02500593          	li	a1,37
     f0e:	c83a                	sw	a4,16(sp)
     f10:	338d                	jal	c72 <printchar>
     f12:	4742                	lw	a4,16(sp)
     f14:	0485                	addi	s1,s1,1
     f16:	82ba                	mv	t0,a4
     f18:	0285                	addi	t0,t0,1
     f1a:	bf45                	j	eca <print+0x14>
     f1c:	dbd5                	beqz	a5,ed0 <print+0x1a>
     f1e:	02b00693          	li	a3,43
     f22:	04d78963          	beq	a5,a3,f74 <print+0xbe>
     f26:	00f6c863          	blt	a3,a5,f36 <print+0x80>
     f2a:	02300693          	li	a3,35
     f2e:	04d78663          	beq	a5,a3,f7a <print+0xc4>
     f32:	4781                	li	a5,0
     f34:	a005                	j	f54 <print+0x9e>
     f36:	02d00693          	li	a3,45
     f3a:	00d78a63          	beq	a5,a3,f4e <print+0x98>
     f3e:	03000693          	li	a3,48
     f42:	fed798e3          	bne	a5,a3,f32 <print+0x7c>
     f46:	00228713          	addi	a4,t0,2
     f4a:	4789                	li	a5,2
     f4c:	a021                	j	f54 <print+0x9e>
     f4e:	00228713          	addi	a4,t0,2
     f52:	4785                	li	a5,1
     f54:	00070683          	lb	a3,0(a4)
     f58:	02b00613          	li	a2,43
     f5c:	04c68363          	beq	a3,a2,fa2 <print+0xec>
     f60:	02d64163          	blt	a2,a3,f82 <print+0xcc>
     f64:	02300613          	li	a2,35
     f68:	02c68b63          	beq	a3,a2,f9e <print+0xe8>
     f6c:	82ba                	mv	t0,a4
     f6e:	4501                	li	a0,0
     f70:	46a5                	li	a3,9
     f72:	a081                	j	fb2 <print+0xfc>
     f74:	00228713          	addi	a4,t0,2
     f78:	bf6d                	j	f32 <print+0x7c>
     f7a:	00228713          	addi	a4,t0,2
     f7e:	4791                	li	a5,4
     f80:	bfd1                	j	f54 <print+0x9e>
     f82:	02d00613          	li	a2,45
     f86:	00c68963          	beq	a3,a2,f98 <print+0xe2>
     f8a:	03000613          	li	a2,48
     f8e:	fcc69fe3          	bne	a3,a2,f6c <print+0xb6>
     f92:	0027e793          	ori	a5,a5,2
     f96:	a031                	j	fa2 <print+0xec>
     f98:	0705                	addi	a4,a4,1
     f9a:	4785                	li	a5,1
     f9c:	bfc1                	j	f6c <print+0xb6>
     f9e:	0047e793          	ori	a5,a5,4
     fa2:	0705                	addi	a4,a4,1
     fa4:	b7e1                	j	f6c <print+0xb6>
     fa6:	00251613          	slli	a2,a0,0x2
     faa:	9532                	add	a0,a0,a2
     fac:	0506                	slli	a0,a0,0x1
     fae:	953a                	add	a0,a0,a4
     fb0:	0285                	addi	t0,t0,1
     fb2:	00028603          	lb	a2,0(t0)
     fb6:	fd060713          	addi	a4,a2,-48
     fba:	0ff77593          	andi	a1,a4,255
     fbe:	feb6f4e3          	bgeu	a3,a1,fa6 <print+0xf0>
     fc2:	02e00713          	li	a4,46
     fc6:	4699                	li	a3,6
     fc8:	00e61e63          	bne	a2,a4,fe4 <print+0x12e>
     fcc:	0285                	addi	t0,t0,1
     fce:	4681                	li	a3,0
     fd0:	45a5                	li	a1,9
     fd2:	00028603          	lb	a2,0(t0)
     fd6:	fd060613          	addi	a2,a2,-48
     fda:	0ff67713          	andi	a4,a2,255
     fde:	02e5f563          	bgeu	a1,a4,1008 <print+0x152>
     fe2:	c636                	sw	a3,12(sp)
     fe4:	00028703          	lb	a4,0(t0)
     fe8:	06a00613          	li	a2,106
     fec:	0ac70d63          	beq	a4,a2,10a6 <print+0x1f0>
     ff0:	02e64363          	blt	a2,a4,1016 <print+0x160>
     ff4:	04c00613          	li	a2,76
     ff8:	0ac70763          	beq	a4,a2,10a6 <print+0x1f0>
     ffc:	06800613          	li	a2,104
    1000:	08c70c63          	beq	a4,a2,1098 <print+0x1e2>
    1004:	4581                	li	a1,0
    1006:	a82d                	j	1040 <print+0x18a>
    1008:	00269713          	slli	a4,a3,0x2
    100c:	96ba                	add	a3,a3,a4
    100e:	0686                	slli	a3,a3,0x1
    1010:	96b2                	add	a3,a3,a2
    1012:	0285                	addi	t0,t0,1
    1014:	bf7d                	j	fd2 <print+0x11c>
    1016:	07400613          	li	a2,116
    101a:	08c70663          	beq	a4,a2,10a6 <print+0x1f0>
    101e:	07a00613          	li	a2,122
    1022:	08c70263          	beq	a4,a2,10a6 <print+0x1f0>
    1026:	06c00613          	li	a2,108
    102a:	4581                	li	a1,0
    102c:	00c71a63          	bne	a4,a2,1040 <print+0x18a>
    1030:	00128603          	lb	a2,1(t0)
    1034:	458d                	li	a1,3
    1036:	00e61463          	bne	a2,a4,103e <print+0x188>
    103a:	0285                	addi	t0,t0,1
    103c:	4591                	li	a1,4
    103e:	0285                	addi	t0,t0,1
    1040:	00028603          	lb	a2,0(t0)
    1044:	06000393          	li	t2,96
    1048:	06100713          	li	a4,97
    104c:	00c3c463          	blt	t2,a2,1054 <print+0x19e>
    1050:	04100713          	li	a4,65
    1054:	06700393          	li	t2,103
    1058:	06c3c463          	blt	t2,a2,10c0 <print+0x20a>
    105c:	06500393          	li	t2,101
    1060:	18765363          	bge	a2,t2,11e6 <print+0x330>
    1064:	04700393          	li	t2,71
    1068:	04c3c163          	blt	t2,a2,10aa <print+0x1f4>
    106c:	04500593          	li	a1,69
    1070:	16b65b63          	bge	a2,a1,11e6 <print+0x330>
    1074:	04300713          	li	a4,67
    1078:	eae610e3          	bne	a2,a4,f18 <print+0x62>
    107c:	4018                	lw	a4,0(s0)
    107e:	00440393          	addi	t2,s0,4
    1082:	ca16                	sw	t0,20(sp)
    1084:	00e10c23          	sb	a4,24(sp)
    1088:	c81e                	sw	t2,16(sp)
    108a:	00010ca3          	sb	zero,25(sp)
    108e:	4701                	li	a4,0
    1090:	86be                	mv	a3,a5
    1092:	862a                	mv	a2,a0
    1094:	082c                	addi	a1,sp,24
    1096:	a849                	j	1128 <print+0x272>
    1098:	00128603          	lb	a2,1(t0)
    109c:	4581                	li	a1,0
    109e:	fae611e3          	bne	a2,a4,1040 <print+0x18a>
    10a2:	0289                	addi	t0,t0,2
    10a4:	bf71                	j	1040 <print+0x18a>
    10a6:	0285                	addi	t0,t0,1
    10a8:	bfb1                	j	1004 <print+0x14e>
    10aa:	06300693          	li	a3,99
    10ae:	fcd607e3          	beq	a2,a3,107c <print+0x1c6>
    10b2:	06c6ce63          	blt	a3,a2,112e <print+0x278>
    10b6:	05800693          	li	a3,88
    10ba:	02d60363          	beq	a2,a3,10e0 <print+0x22a>
    10be:	bda9                	j	f18 <print+0x62>
    10c0:	07300693          	li	a3,115
    10c4:	04d60463          	beq	a2,a3,110c <print+0x256>
    10c8:	02c6cb63          	blt	a3,a2,10fe <print+0x248>
    10cc:	06f00693          	li	a3,111
    10d0:	0ed60263          	beq	a2,a3,11b4 <print+0x2fe>
    10d4:	07000693          	li	a3,112
    10d8:	0047e793          	ori	a5,a5,4
    10dc:	e2d61ee3          	bne	a2,a3,f18 <print+0x62>
    10e0:	4691                	li	a3,4
    10e2:	0ad59f63          	bne	a1,a3,11a0 <print+0x2ea>
    10e6:	00840393          	addi	t2,s0,8
    10ea:	400c                	lw	a1,0(s0)
    10ec:	4050                	lw	a2,4(s0)
    10ee:	ca16                	sw	t0,20(sp)
    10f0:	c23a                	sw	a4,4(sp)
    10f2:	c03e                	sw	a5,0(sp)
    10f4:	c81e                	sw	t2,16(sp)
    10f6:	87aa                	mv	a5,a0
    10f8:	4701                	li	a4,0
    10fa:	46c1                	li	a3,16
    10fc:	a0b9                	j	114a <print+0x294>
    10fe:	07500693          	li	a3,117
    1102:	06d60863          	beq	a2,a3,1172 <print+0x2bc>
    1106:	07800693          	li	a3,120
    110a:	bf45                	j	10ba <print+0x204>
    110c:	4018                	lw	a4,0(s0)
    110e:	000016b7          	lui	a3,0x1
    1112:	00440393          	addi	t2,s0,4
    1116:	56068593          	addi	a1,a3,1376 # 1560 <PAIRING_ADDR+0x2ec>
    111a:	c311                	beqz	a4,111e <print+0x268>
    111c:	85ba                	mv	a1,a4
    111e:	4732                	lw	a4,12(sp)
    1120:	ca16                	sw	t0,20(sp)
    1122:	c81e                	sw	t2,16(sp)
    1124:	86be                	mv	a3,a5
    1126:	862a                	mv	a2,a0
    1128:	4522                	lw	a0,8(sp)
    112a:	3e41                	jal	cba <prints>
    112c:	a00d                	j	114e <print+0x298>
    112e:	4691                	li	a3,4
    1130:	02d59463          	bne	a1,a3,1158 <print+0x2a2>
    1134:	00840393          	addi	t2,s0,8
    1138:	400c                	lw	a1,0(s0)
    113a:	4050                	lw	a2,4(s0)
    113c:	ca16                	sw	t0,20(sp)
    113e:	c23a                	sw	a4,4(sp)
    1140:	c03e                	sw	a5,0(sp)
    1142:	c81e                	sw	t2,16(sp)
    1144:	87aa                	mv	a5,a0
    1146:	4705                	li	a4,1
    1148:	46a9                	li	a3,10
    114a:	4522                	lw	a0,8(sp)
    114c:	338d                	jal	eae <printLongLongInt>
    114e:	43c2                	lw	t2,16(sp)
    1150:	94aa                	add	s1,s1,a0
    1152:	841e                	mv	s0,t2
    1154:	42d2                	lw	t0,20(sp)
    1156:	b3c9                	j	f18 <print+0x62>
    1158:	46b2                	lw	a3,12(sp)
    115a:	400c                	lw	a1,0(s0)
    115c:	c816                	sw	t0,16(sp)
    115e:	c236                	sw	a3,4(sp)
    1160:	c03a                	sw	a4,0(sp)
    1162:	0411                	addi	s0,s0,4
    1164:	872a                	mv	a4,a0
    1166:	4685                	li	a3,1
    1168:	4629                	li	a2,10
    116a:	4522                	lw	a0,8(sp)
    116c:	3915                	jal	da0 <printInt>
    116e:	94aa                	add	s1,s1,a0
    1170:	b361                	j	ef8 <print+0x42>
    1172:	4691                	li	a3,4
    1174:	00d59d63          	bne	a1,a3,118e <print+0x2d8>
    1178:	00840393          	addi	t2,s0,8
    117c:	400c                	lw	a1,0(s0)
    117e:	4050                	lw	a2,4(s0)
    1180:	ca16                	sw	t0,20(sp)
    1182:	c23a                	sw	a4,4(sp)
    1184:	c03e                	sw	a5,0(sp)
    1186:	c81e                	sw	t2,16(sp)
    1188:	87aa                	mv	a5,a0
    118a:	4701                	li	a4,0
    118c:	bf75                	j	1148 <print+0x292>
    118e:	46b2                	lw	a3,12(sp)
    1190:	400c                	lw	a1,0(s0)
    1192:	c816                	sw	t0,16(sp)
    1194:	c236                	sw	a3,4(sp)
    1196:	c03a                	sw	a4,0(sp)
    1198:	0411                	addi	s0,s0,4
    119a:	872a                	mv	a4,a0
    119c:	4681                	li	a3,0
    119e:	b7e9                	j	1168 <print+0x2b2>
    11a0:	46b2                	lw	a3,12(sp)
    11a2:	c816                	sw	t0,16(sp)
    11a4:	400c                	lw	a1,0(s0)
    11a6:	4641                	li	a2,16
    11a8:	c236                	sw	a3,4(sp)
    11aa:	c03a                	sw	a4,0(sp)
    11ac:	0411                	addi	s0,s0,4
    11ae:	872a                	mv	a4,a0
    11b0:	4681                	li	a3,0
    11b2:	bf65                	j	116a <print+0x2b4>
    11b4:	4691                	li	a3,4
    11b6:	00d59e63          	bne	a1,a3,11d2 <print+0x31c>
    11ba:	00840393          	addi	t2,s0,8
    11be:	400c                	lw	a1,0(s0)
    11c0:	4050                	lw	a2,4(s0)
    11c2:	ca16                	sw	t0,20(sp)
    11c4:	c23a                	sw	a4,4(sp)
    11c6:	c03e                	sw	a5,0(sp)
    11c8:	c81e                	sw	t2,16(sp)
    11ca:	87aa                	mv	a5,a0
    11cc:	4701                	li	a4,0
    11ce:	46a1                	li	a3,8
    11d0:	bfad                	j	114a <print+0x294>
    11d2:	46b2                	lw	a3,12(sp)
    11d4:	400c                	lw	a1,0(s0)
    11d6:	c816                	sw	t0,16(sp)
    11d8:	c236                	sw	a3,4(sp)
    11da:	c03a                	sw	a4,0(sp)
    11dc:	0411                	addi	s0,s0,4
    11de:	872a                	mv	a4,a0
    11e0:	4681                	li	a3,0
    11e2:	4621                	li	a2,8
    11e4:	b759                	j	116a <print+0x2b4>
    11e6:	400c                	lw	a1,0(s0)
    11e8:	00840613          	addi	a2,s0,8
    11ec:	4040                	lw	s0,4(s0)
    11ee:	c23a                	sw	a4,4(sp)
    11f0:	872a                	mv	a4,a0
    11f2:	4522                	lw	a0,8(sp)
    11f4:	c832                	sw	a2,16(sp)
    11f6:	c03e                	sw	a5,0(sp)
    11f8:	8622                	mv	a2,s0
    11fa:	87b6                	mv	a5,a3
    11fc:	46a9                	li	a3,10
    11fe:	ca16                	sw	t0,20(sp)
    1200:	394d                	jal	eb2 <printDouble>
    1202:	94aa                	add	s1,s1,a0
    1204:	4442                	lw	s0,16(sp)
    1206:	b7b9                	j	1154 <print+0x29e>

00001208 <printf>:
    1208:	fdc10113          	addi	sp,sp,-36
    120c:	c82e                	sw	a1,16(sp)
    120e:	ca32                	sw	a2,20(sp)
    1210:	85aa                	mv	a1,a0
    1212:	0810                	addi	a2,sp,16
    1214:	4501                	li	a0,0
    1216:	c606                	sw	ra,12(sp)
    1218:	cc36                	sw	a3,24(sp)
    121a:	ce3a                	sw	a4,28(sp)
    121c:	d03e                	sw	a5,32(sp)
    121e:	c032                	sw	a2,0(sp)
    1220:	3959                	jal	eb6 <print>
    1222:	40b2                	lw	ra,12(sp)
    1224:	02410113          	addi	sp,sp,36
    1228:	8082                	ret

0000122a <puts>:
    122a:	1141                	addi	sp,sp,-16
    122c:	c422                	sw	s0,8(sp)
    122e:	c226                	sw	s1,4(sp)
    1230:	c606                	sw	ra,12(sp)
    1232:	211c                	lbu	a5,0(a0)
    1234:	84aa                	mv	s1,a0
    1236:	4401                	li	s0,0
    1238:	81dc                	sb	a5,3(sp)
    123a:	00310783          	lb	a5,3(sp)
    123e:	0405                	addi	s0,s0,1
    1240:	ef99                	bnez	a5,125e <puts+0x34>
    1242:	47a9                	li	a5,10
    1244:	00310593          	addi	a1,sp,3
    1248:	4605                	li	a2,1
    124a:	4501                	li	a0,0
    124c:	81dc                	sb	a5,3(sp)
    124e:	9d9ff0ef          	jal	ra,c26 <_write>
    1252:	8522                	mv	a0,s0
    1254:	40b2                	lw	ra,12(sp)
    1256:	4422                	lw	s0,8(sp)
    1258:	4492                	lw	s1,4(sp)
    125a:	0141                	addi	sp,sp,16
    125c:	8082                	ret
    125e:	4605                	li	a2,1
    1260:	00310593          	addi	a1,sp,3
    1264:	4501                	li	a0,0
    1266:	9c1ff0ef          	jal	ra,c26 <_write>
    126a:	008487b3          	add	a5,s1,s0
    126e:	239c                	lbu	a5,0(a5)
    1270:	81dc                	sb	a5,3(sp)
    1272:	b7e1                	j	123a <puts+0x10>

00001274 <PAIRING_ADDR>:
    1274:	e7e7 00e7 0a0d 0a0d 3d3d 203d 4154 4b4e     ........=== TANK
    1284:	5320 4e45 4f53 2052 4f42 544f 3d20 3d3d      SENSOR BOOT ===
    1294:	000d 0000 6c50 7461 6f66 6d72 203a 4843     ....Platform: CH
    12a4:	3233 3056 3330 4020 2520 756c 4820 0d7a     32V003 @ %lu Hz.
    12b4:	000a 0000 6e49 7469 6169 696c 697a 676e     ....Initializing
    12c4:	5220 6461 6f69 4820 7261 7764 7261 2e65      Radio Hardware.
    12d4:	2e2e 000d 535b 5359 4554 5d4d 4320 6f6c     ....[SYSTEM] Clo
    12e4:	6b63 5620 6c61 6469 7461 6f69 3a6e 3120     ck Validation: 1
    12f4:	3030 6d30 2073 6564 616c 2e79 2e2e 0000     000ms delay.....
    1304:	4420 4e4f 2e45 4d20 6c69 696c 2073 6944      DONE. Millis Di
    1314:	6666 203a 6c25 2075 736d 0a0d 0000 0000     ff: %lu ms......
    1324:	535b 5359 4554 5d4d 4520 746e 7265 6e69     [SYSTEM] Enterin
    1334:	2067 6144 6c69 2079 6f4d 6564 0d2e 0000     g Daily Mode....
    1344:	0a0d 505b 4941 5d52 5320 6174 7472 6e69     ..[PAIR] Startin
    1354:	2067 4944 4353 564f 5245 2059 5242 414f     g DISCOVERY BROA
    1364:	4143 5453 5b20 2d33 5942 4554 5220 5741     CAST [3-BYTE RAW
    1374:	205d 4328 3a68 3939 2e29 2e2e 000d 0000     ] (Ch:99).......
    1384:	505b 4941 5d52 5220 7165 2520 2f64 3035     [PAIR] Req %d/50
    1394:	3a30 0020 4b4f 000d 6152 6964 206f 7542     0: .OK..Radio Bu
    13a4:	7973 000d 525b 4441 4f49 205d 6f43 666e     sy..[RADIO] Conf
    13b4:	6769 7275 6e69 2067 6148 6472 6177 6572     iguring Hardware
    13c4:	2820 3532 6b30 7062 2c73 2d20 3231 4264      (250kbps, -12dB
    13d4:	2c6d 4e20 2d4f 4341 294b 2e2e 0d2e 0000     m, NO-ACK)......
    13e4:	535b 4950 205d 5257 5449 2045 4552 2047     [SPI] WRITE REG 
    13f4:	7830 3030 2d20 203e 4156 204c 7830 3230     0x00 -> VAL 0x02
    1404:	000d 0000 535b 4950 205d 5257 5449 2045     ....[SPI] WRITE 
    1414:	4552 2047 7830 3130 2d20 203e 4156 204c     REG 0x01 -> VAL 
    1424:	7830 3030 000d 0000 535b 4950 205d 5257     0x00....[SPI] WR
    1434:	5449 2045 4552 2047 7830 3330 2d20 203e     ITE REG 0x03 -> 
    1444:	4156 204c 7830 3130 000d 0000 535b 4950     VAL 0x01....[SPI
    1454:	205d 5257 5449 2045 4552 2047 7830 3430     ] WRITE REG 0x04
    1464:	2d20 203e 4156 204c 7830 3030 000d 0000      -> VAL 0x00....
    1474:	535b 4950 205d 5257 5449 2045 4552 2047     [SPI] WRITE REG 
    1484:	7830 3530 2d20 203e 4156 204c 7830 3336     0x05 -> VAL 0x63
    1494:	000d 0000 535b 4950 205d 5257 5449 2045     ....[SPI] WRITE 
    14a4:	4552 2047 7830 3630 2d20 203e 4156 204c     REG 0x06 -> VAL 
    14b4:	7830 3632 000d 0000 535b 4950 205d 5257     0x26....[SPI] WR
    14c4:	5449 2045 4552 2047 7830 3131 2d20 203e     ITE REG 0x11 -> 
    14d4:	4156 204c 7830 3032 000d 0000 535b 4950     VAL 0x20....[SPI
    14e4:	205d 5257 5449 2045 4552 2047 7830 3730     ] WRITE REG 0x07
    14f4:	2d20 203e 4156 204c 7830 3037 000d 0000      -> VAL 0x70....
    1504:	525b 4441 4f49 205d 6148 6472 6177 6572     [RADIO] Hardware
    1514:	5220 6165 7964 2820 4153 4546 522d 5741      Ready (SAFE-RAW
    1524:	2e29 000d 525b 4441 4f49 205d 6154 6772     )...[RADIO] Targ
    1534:	7465 6e69 2067 6441 7264 7365 2073 3328     eting Address (3
    1544:	422d 7479 2965 203a 3025 5832 2520 3230     -Byte): %02X %02
    1554:	2058 3025 5832 0a0d 0000 0000 6e28 6c75     X %02X......(nul
    1564:	296c 0000                                   l)..
